# JRE version: OpenJDK Runtime Environment Temurin-21.0.12.1+1 (21.0.12.1+1) (build 21.0.12.1+1-LTS)
# Java VM: OpenJDK 64-Bit Server VM Temurin-21.0.12.1+1 (21.0.12.1+1-LTS, mixed mode, sharing, tiered, compressed oops, compressed class ptrs, parallel gc, windows-amd64)
GC Precious Log:
 CardTable entry size: 512
 CPUs: 4 total, 4 available
 Memory: 3530M
 Large Page Support: Disabled
 NUMA Support: Disabled
 Compressed Oops: Enabled (32-bit)
 Alignments: Space 512K, Generation 512K, Heap 2M
 Heap Min Capacity: 100M
 Heap Initial Capacity: 100M
 Heap Max Capacity: 2G
 Pre-touch: Disabled
 Parallel Workers: 4
Heap:
 PSYoungGen      total 24576K, used 14604K [0x00000000d5580000, 0x00000000d7080000, 0x0000000100000000)
  eden space 20992K, 66% used [0x00000000d5580000,0x00000000d631a088,0x00000000d6a00000)
  from space 3584K, 18% used [0x00000000d6b80000,0x00000000d6c29210,0x00000000d6f00000)
  to   space 1536K, 0% used [0x00000000d6f00000,0x00000000d6f00000,0x00000000d7080000)
 ParOldGen       total 147968K, used 147416K [0x0000000080000000, 0x0000000089080000, 0x00000000d5580000)
  object space 147968K, 99% used [0x0000000080000000,0x0000000088ff6128,0x0000000089080000)
 Metaspace       used 77053K, committed 78528K, reserved 1179648K
  class space    used 8175K, committed 8832K, reserved 1048576K
GC Heap History (20 events):
Event: 370.276 GC heap before
{Heap before GC invocations=97 (full 3):
 PSYoungGen      total 21504K, used 21280K [0x00000000d5580000, 0x00000000d6c00000, 0x0000000100000000)
  eden space 20992K, 100% used [0x00000000d5580000,0x00000000d6a00000,0x00000000d6a00000)
  from space 512K, 56% used [0x00000000d6b00000,0x00000000d6b48000,0x00000000d6b80000)
  to   space 512K, 0% used [0x00000000d6b80000,0x00000000d6b80000,0x00000000d6c00000)
 ParOldGen       total 94208K, used 93741K [0x0000000080000000, 0x0000000085c00000, 0x00000000d5580000)
  object space 94208K, 99% used [0x0000000080000000,0x0000000085b8b598,0x0000000085c00000)
 Metaspace       used 76586K, committed 78016K, reserved 1179648K
  class space    used 8148K, committed 8768K, reserved 1048576K
}
Event: 370.277 GC heap after
{Heap after GC invocations=97 (full 3):
 PSYoungGen      total 21504K, used 288K [0x00000000d5580000, 0x00000000d6c00000, 0x0000000100000000)
  eden space 20992K, 0% used [0x00000000d5580000,0x00000000d5580000,0x00000000d6a00000)
  from space 512K, 56% used [0x00000000d6b80000,0x00000000d6bc8000,0x00000000d6c00000)
  to   space 512K, 0% used [0x00000000d6b00000,0x00000000d6b00000,0x00000000d6b80000)
 ParOldGen       total 94208K, used 93789K [0x0000000080000000, 0x0000000085c00000, 0x00000000d5580000)
  object space 94208K, 99% used [0x0000000080000000,0x0000000085b97598,0x0000000085c00000)
 Metaspace       used 76586K, committed 78016K, reserved 1179648K
  class space    used 8148K, committed 8768K, reserved 1048576K
}
Event: 370.313 GC heap before
{Heap before GC invocations=98 (full 3):
 PSYoungGen      total 21504K, used 21280K [0x00000000d5580000, 0x00000000d6c00000, 0x0000000100000000)
  eden space 20992K, 100% used [0x00000000d5580000,0x00000000d6a00000,0x00000000d6a00000)
  from space 512K, 56% used [0x00000000d6b80000,0x00000000d6bc8000,0x00000000d6c00000)
  to   space 512K, 0% used [0x00000000d6b00000,0x00000000d6b00000,0x00000000d6b80000)
 ParOldGen       total 94208K, used 93789K [0x0000000080000000, 0x0000000085c00000, 0x00000000d5580000)
  object space 94208K, 99% used [0x0000000080000000,0x0000000085b97598,0x0000000085c00000)
 Metaspace       used 76586K, committed 78016K, reserved 1179648K
  class space    used 8148K, committed 8768K, reserved 1048576K
}
Event: 370.315 GC heap after
{Heap after GC invocations=98 (full 3):
 PSYoungGen      total 21504K, used 416K [0x00000000d5580000, 0x00000000d6c00000, 0x0000000100000000)
  eden space 20992K, 0% used [0x00000000d5580000,0x00000000d5580000,0x00000000d6a00000)
  from space 512K, 81% used [0x00000000d6b00000,0x00000000d6b68000,0x00000000d6b80000)
  to   space 512K, 0% used [0x00000000d6b80000,0x00000000d6b80000,0x00000000d6c00000)
 ParOldGen       total 94208K, used 94029K [0x0000000080000000, 0x0000000085c00000, 0x00000000d5580000)
  object space 94208K, 99% used [0x0000000080000000,0x0000000085bd3598,0x0000000085c00000)
 Metaspace       used 76586K, committed 78016K, reserved 1179648K
  class space    used 8148K, committed 8768K, reserved 1048576K
}
Event: 370.404 GC heap before
{Heap before GC invocations=99 (full 3):
 PSYoungGen      total 21504K, used 21408K [0x00000000d5580000, 0x00000000d6c00000, 0x0000000100000000)
  eden space 20992K, 100% used [0x00000000d5580000,0x00000000d6a00000,0x00000000d6a00000)
  from space 512K, 81% used [0x00000000d6b00000,0x00000000d6b68000,0x00000000d6b80000)
  to   space 512K, 0% used [0x00000000d6b80000,0x00000000d6b80000,0x00000000d6c00000)
 ParOldGen       total 94208K, used 94029K [0x0000000080000000, 0x0000000085c00000, 0x00000000d5580000)
  object space 94208K, 99% used [0x0000000080000000,0x0000000085bd3598,0x0000000085c00000)
 Metaspace       used 76586K, committed 78016K, reserved 1179648K
  class space    used 8148K, committed 8768K, reserved 1048576K
}
Event: 370.407 GC heap after
{Heap after GC invocations=99 (full 3):
 PSYoungGen      total 21504K, used 416K [0x00000000d5580000, 0x00000000d6c00000, 0x0000000100000000)
  eden space 20992K, 0% used [0x00000000d5580000,0x00000000d5580000,0x00000000d6a00000)
  from space 512K, 81% used [0x00000000d6b80000,0x00000000d6be8000,0x00000000d6c00000)
  to   space 512K, 0% used [0x00000000d6b00000,0x00000000d6b00000,0x00000000d6b80000)
 ParOldGen       total 94720K, used 94397K [0x0000000080000000, 0x0000000085c80000, 0x00000000d5580000)
  object space 94720K, 99% used [0x0000000080000000,0x0000000085c2f598,0x0000000085c80000)
 Metaspace       used 76586K, committed 78016K, reserved 1179648K
  class space    used 8148K, committed 8768K, reserved 1048576K
}
Event: 370.869 GC heap before
{Heap before GC invocations=100 (full 3):
 PSYoungGen      total 21504K, used 21408K [0x00000000d5580000, 0x00000000d6c00000, 0x0000000100000000)
  eden space 20992K, 100% used [0x00000000d5580000,0x00000000d6a00000,0x00000000d6a00000)
  from space 512K, 81% used [0x00000000d6b80000,0x00000000d6be8000,0x00000000d6c00000)
  to   space 512K, 0% used [0x00000000d6b00000,0x00000000d6b00000,0x00000000d6b80000)
 ParOldGen       total 94720K, used 94397K [0x0000000080000000, 0x0000000085c80000, 0x00000000d5580000)
  object space 94720K, 99% used [0x0000000080000000,0x0000000085c2f598,0x0000000085c80000)
 Metaspace       used 76607K, committed 78080K, reserved 1179648K
  class space    used 8148K, committed 8768K, reserved 1048576K
}
Event: 370.874 GC heap after
{Heap after GC invocations=100 (full 3):
 PSYoungGen      total 21504K, used 480K [0x00000000d5580000, 0x00000000d6c00000, 0x0000000100000000)
  eden space 20992K, 0% used [0x00000000d5580000,0x00000000d5580000,0x00000000d6a00000)
  from space 512K, 93% used [0x00000000d6b00000,0x00000000d6b78000,0x00000000d6b80000)
  to   space 512K, 0% used [0x00000000d6b80000,0x00000000d6b80000,0x00000000d6c00000)
 ParOldGen       total 95232K, used 94773K [0x0000000080000000, 0x0000000085d00000, 0x00000000d5580000)
  object space 95232K, 99% used [0x0000000080000000,0x0000000085c8d598,0x0000000085d00000)
 Metaspace       used 76607K, committed 78080K, reserved 1179648K
  class space    used 8148K, committed 8768K, reserved 1048576K
}
Event: 370.968 GC heap before
{Heap before GC invocations=101 (full 3):
 PSYoungGen      total 21504K, used 21472K [0x00000000d5580000, 0x00000000d6c00000, 0x0000000100000000)
  eden space 20992K, 100% used [0x00000000d5580000,0x00000000d6a00000,0x00000000d6a00000)
  from space 512K, 93% used [0x00000000d6b00000,0x00000000d6b78000,0x00000000d6b80000)
  to   space 512K, 0% used [0x00000000d6b80000,0x00000000d6b80000,0x00000000d6c00000)
 ParOldGen       total 95232K, used 94773K [0x0000000080000000, 0x0000000085d00000, 0x00000000d5580000)
  object space 95232K, 99% used [0x0000000080000000,0x0000000085c8d598,0x0000000085d00000)
 Metaspace       used 76617K, committed 78080K, reserved 1179648K
  class space    used 8148K, committed 8768K, reserved 1048576K
}
Event: 370.970 GC heap after
{Heap after GC invocations=101 (full 3):
 PSYoungGen      total 21504K, used 416K [0x00000000d5580000, 0x00000000d6c00000, 0x0000000100000000)
  eden space 20992K, 0% used [0x00000000d5580000,0x00000000d5580000,0x00000000d6a00000)
  from space 512K, 81% used [0x00000000d6b80000,0x00000000d6be8000,0x00000000d6c00000)
  to   space 512K, 0% used [0x00000000d6b00000,0x00000000d6b00000,0x00000000d6b80000)
 ParOldGen       total 95232K, used 95189K [0x0000000080000000, 0x0000000085d00000, 0x00000000d5580000)
  object space 95232K, 99% used [0x0000000080000000,0x0000000085cf55b8,0x0000000085d00000)
 Metaspace       used 76617K, committed 78080K, reserved 1179648K
  class space    used 8148K, committed 8768K, reserved 1048576K
}
Event: 371.061 GC heap before
{Heap before GC invocations=102 (full 3):
 PSYoungGen      total 21504K, used 21408K [0x00000000d5580000, 0x00000000d6c00000, 0x0000000100000000)
  eden space 20992K, 100% used [0x00000000d5580000,0x00000000d6a00000,0x00000000d6a00000)
  from space 512K, 81% used [0x00000000d6b80000,0x00000000d6be8000,0x00000000d6c00000)
  to   space 512K, 0% used [0x00000000d6b00000,0x00000000d6b00000,0x00000000d6b80000)
 ParOldGen       total 95232K, used 95189K [0x0000000080000000, 0x0000000085d00000, 0x00000000d5580000)
  object space 95232K, 99% used [0x0000000080000000,0x0000000085cf55b8,0x0000000085d00000)
 Metaspace       used 76617K, committed 78080K, reserved 1179648K
  class space    used 8148K, committed 8768K, reserved 1048576K
}
Event: 371.062 GC heap after
{Heap after GC invocations=102 (full 3):
 PSYoungGen      total 21504K, used 256K [0x00000000d5580000, 0x00000000d6c00000, 0x0000000100000000)
  eden space 20992K, 0% used [0x00000000d5580000,0x00000000d5580000,0x00000000d6a00000)
  from space 512K, 50% used [0x00000000d6b00000,0x00000000d6b40000,0x00000000d6b80000)
  to   space 512K, 0% used [0x00000000d6b80000,0x00000000d6b80000,0x00000000d6c00000)
 ParOldGen       total 95744K, used 95548K [0x0000000080000000, 0x0000000085d80000, 0x00000000d5580000)
  object space 95744K, 99% used [0x0000000080000000,0x0000000085d4f0a8,0x0000000085d80000)
 Metaspace       used 76617K, committed 78080K, reserved 1179648K
  class space    used 8148K, committed 8768K, reserved 1048576K
}
Event: 371.121 GC heap before
{Heap before GC invocations=103 (full 3):
 PSYoungGen      total 21504K, used 21248K [0x00000000d5580000, 0x00000000d6c00000, 0x0000000100000000)
  eden space 20992K, 100% used [0x00000000d5580000,0x00000000d6a00000,0x00000000d6a00000)
  from space 512K, 50% used [0x00000000d6b00000,0x00000000d6b40000,0x00000000d6b80000)
  to   space 512K, 0% used [0x00000000d6b80000,0x00000000d6b80000,0x00000000d6c00000)
 ParOldGen       total 95744K, used 95548K [0x0000000080000000, 0x0000000085d80000, 0x00000000d5580000)
  object space 95744K, 99% used [0x0000000080000000,0x0000000085d4f0a8,0x0000000085d80000)
 Metaspace       used 76627K, committed 78080K, reserved 1179648K
  class space    used 8148K, committed 8768K, reserved 1048576K
}
Event: 371.122 GC heap after
{Heap after GC invocations=103 (full 3):
 PSYoungGen      total 21504K, used 256K [0x00000000d5580000, 0x00000000d6c00000, 0x0000000100000000)
  eden space 20992K, 0% used [0x00000000d5580000,0x00000000d5580000,0x00000000d6a00000)
  from space 512K, 50% used [0x00000000d6b80000,0x00000000d6bc0000,0x00000000d6c00000)
  to   space 512K, 0% used [0x00000000d6b00000,0x00000000d6b00000,0x00000000d6b80000)
 ParOldGen       total 95744K, used 95650K [0x0000000080000000, 0x0000000085d80000, 0x00000000d5580000)
  object space 95744K, 99% used [0x0000000080000000,0x0000000085d68b98,0x0000000085d80000)
 Metaspace       used 76627K, committed 78080K, reserved 1179648K
  class space    used 8148K, committed 8768K, reserved 1048576K
}
Event: 372.233 GC heap before
{Heap before GC invocations=104 (full 3):
 PSYoungGen      total 21504K, used 21188K [0x00000000d5580000, 0x00000000d6c00000, 0x0000000100000000)
  eden space 20992K, 99% used [0x00000000d5580000,0x00000000d69f11a8,0x00000000d6a00000)
  from space 512K, 50% used [0x00000000d6b80000,0x00000000d6bc0000,0x00000000d6c00000)
  to   space 512K, 0% used [0x00000000d6b00000,0x00000000d6b00000,0x00000000d6b80000)
 ParOldGen       total 95744K, used 95650K [0x0000000080000000, 0x0000000085d80000, 0x00000000d5580000)
  object space 95744K, 99% used [0x0000000080000000,0x0000000085d68b98,0x0000000085d80000)
 Metaspace       used 76721K, committed 78208K, reserved 1179648K
  class space    used 8156K, committed 8832K, reserved 1048576K
}
Event: 372.241 GC heap after
{Heap after GC invocations=104 (full 3):
 PSYoungGen      total 21504K, used 497K [0x00000000d5580000, 0x00000000d7600000, 0x0000000100000000)
  eden space 20992K, 0% used [0x00000000d5580000,0x00000000d5580000,0x00000000d6a00000)
  from space 512K, 97% used [0x00000000d6b00000,0x00000000d6b7c7f0,0x00000000d6b80000)
  to   space 6144K, 0% used [0x00000000d7000000,0x00000000d7000000,0x00000000d7600000)
 ParOldGen       total 100352K, used 100350K [0x0000000080000000, 0x0000000086200000, 0x00000000d5580000)
  object space 100352K, 99% used [0x0000000080000000,0x00000000861ff9f0,0x0000000086200000)
 Metaspace       used 76721K, committed 78208K, reserved 1179648K
  class space    used 8156K, committed 8832K, reserved 1048576K
}
Event: 404.647 GC heap before
{Heap before GC invocations=105 (full 3):
 PSYoungGen      total 21504K, used 21489K [0x00000000d5580000, 0x00000000d7600000, 0x0000000100000000)
  eden space 20992K, 100% used [0x00000000d5580000,0x00000000d6a00000,0x00000000d6a00000)
  from space 512K, 97% used [0x00000000d6b00000,0x00000000d6b7c7f0,0x00000000d6b80000)
  to   space 6144K, 0% used [0x00000000d7000000,0x00000000d7000000,0x00000000d7600000)
 ParOldGen       total 123904K, used 123390K [0x0000000080000000, 0x0000000087900000, 0x00000000d5580000)
  object space 123904K, 99% used [0x0000000080000000,0x000000008787fa10,0x0000000087900000)
 Metaspace       used 76948K, committed 78400K, reserved 1179648K
  class space    used 8171K, committed 8832K, reserved 1048576K
}
Event: 404.704 GC heap after
{Heap after GC invocations=105 (full 3):
 PSYoungGen      total 23552K, used 2051K [0x00000000d5580000, 0x00000000d7280000, 0x0000000100000000)
  eden space 20992K, 0% used [0x00000000d5580000,0x00000000d5580000,0x00000000d6a00000)
  from space 2560K, 80% used [0x00000000d7000000,0x00000000d7200c30,0x00000000d7280000)
  to   space 3584K, 0% used [0x00000000d6b80000,0x00000000d6b80000,0x00000000d6f00000)
 ParOldGen       total 123904K, used 123493K [0x0000000080000000, 0x0000000087900000, 0x00000000d5580000)
  object space 123904K, 99% used [0x0000000080000000,0x0000000087899400,0x0000000087900000)
 Metaspace       used 76948K, committed 78400K, reserved 1179648K
  class space    used 8171K, committed 8832K, reserved 1048576K
}
Event: 411.899 GC heap before
{Heap before GC invocations=106 (full 3):
 PSYoungGen      total 23552K, used 23043K [0x00000000d5580000, 0x00000000d7280000, 0x0000000100000000)
  eden space 20992K, 99% used [0x00000000d5580000,0x00000000d69fffe0,0x00000000d6a00000)
  from space 2560K, 80% used [0x00000000d7000000,0x00000000d7200c30,0x00000000d7280000)
  to   space 3584K, 0% used [0x00000000d6b80000,0x00000000d6b80000,0x00000000d6f00000)
 ParOldGen       total 123904K, used 123493K [0x0000000080000000, 0x0000000087900000, 0x00000000d5580000)
  object space 123904K, 99% used [0x0000000080000000,0x0000000087899400,0x0000000087900000)
 Metaspace       used 77018K, committed 78464K, reserved 1179648K
  class space    used 8173K, committed 8832K, reserved 1048576K
}
Event: 411.907 GC heap after
{Heap after GC invocations=106 (full 3):
 PSYoungGen      total 24576K, used 676K [0x00000000d5580000, 0x00000000d7080000, 0x0000000100000000)
  eden space 20992K, 0% used [0x00000000d5580000,0x00000000d5580000,0x00000000d6a00000)
  from space 3584K, 18% used [0x00000000d6b80000,0x00000000d6c29210,0x00000000d6f00000)
  to   space 1536K, 0% used [0x00000000d6f00000,0x00000000d6f00000,0x00000000d7080000)
 ParOldGen       total 124416K, used 124376K [0x0000000080000000, 0x0000000087980000, 0x00000000d5580000)
  object space 124416K, 99% used [0x0000000080000000,0x0000000087976108,0x0000000087980000)
 Metaspace       used 77018K, committed 78464K, reserved 1179648K
  class space    used 8173K, committed 8832K, reserved 1048576K
}

