# JRE version: OpenJDK Runtime Environment Temurin-21.0.12.1+1 (21.0.12.1+1) (build 21.0.12.1+1-LTS)
# Java VM: OpenJDK 64-Bit Server VM Temurin-21.0.12.1+1 (21.0.12.1+1-LTS, mixed mode, sharing, tiered, compressed oops, compressed class ptrs, parallel gc, windows-amd64)
GC Precious Log:
 CardTable entry size: 512
 CPUs: 4 total, 4 available
 Memory: 3530M
 Large Page Support: Disabled
 NUMA Support: Disabled
 Compressed Oops: Enabled (32-bit)
 Alignments: Space 512K, Generation 512K, Heap 2M
 Heap Min Capacity: 100M
 Heap Initial Capacity: 100M
 Heap Max Capacity: 2G
 Pre-touch: Disabled
 Parallel Workers: 4
Heap:
 PSYoungGen      total 50176K, used 36924K [0x00000000d5580000, 0x00000000d8c80000, 0x0000000100000000)
  eden space 46592K, 71% used [0x00000000d5580000,0x00000000d7619868,0x00000000d8300000)
  from space 3584K, 99% used [0x00000000d8900000,0x00000000d8c79a20,0x00000000d8c80000)
  to   space 4096K, 0% used [0x00000000d8480000,0x00000000d8480000,0x00000000d8880000)
 ParOldGen       total 1398272K, used 323679K [0x0000000080000000, 0x00000000d5580000, 0x00000000d5580000)
  object space 1398272K, 23% used [0x0000000080000000,0x0000000093c17e10,0x00000000d5580000)
 Metaspace       used 84206K, committed 85696K, reserved 1179648K
  class space    used 8477K, committed 9088K, reserved 1048576K
GC Heap History (20 events):
Event: 17834.111 GC heap before
{Heap before GC invocations=349 (full 6):
 PSYoungGen      total 49152K, used 48777K [0x00000000d5580000, 0x00000000d8a00000, 0x0000000100000000)
  eden space 45056K, 100% used [0x00000000d5580000,0x00000000d8180000,0x00000000d8180000)
  from space 4096K, 90% used [0x00000000d8600000,0x00000000d89a24f8,0x00000000d8a00000)
  to   space 4096K, 0% used [0x00000000d8200000,0x00000000d8200000,0x00000000d8600000)
 ParOldGen       total 1398272K, used 319259K [0x0000000080000000, 0x00000000d5580000, 0x00000000d5580000)
  object space 1398272K, 22% used [0x0000000080000000,0x00000000937c6f28,0x00000000d5580000)
 Metaspace       used 84136K, committed 85632K, reserved 1179648K
  class space    used 8477K, committed 9088K, reserved 1048576K
}
Event: 17834.115 GC heap after
{Heap after GC invocations=349 (full 6):
 PSYoungGen      total 49664K, used 3938K [0x00000000d5580000, 0x00000000d8b00000, 0x0000000100000000)
  eden space 45568K, 0% used [0x00000000d5580000,0x00000000d5580000,0x00000000d8200000)
  from space 4096K, 96% used [0x00000000d8200000,0x00000000d85d8a58,0x00000000d8600000)
  to   space 4096K, 0% used [0x00000000d8700000,0x00000000d8700000,0x00000000d8b00000)
 ParOldGen       total 1398272K, used 319259K [0x0000000080000000, 0x00000000d5580000, 0x00000000d5580000)
  object space 1398272K, 22% used [0x0000000080000000,0x00000000937c6f28,0x00000000d5580000)
 Metaspace       used 84136K, committed 85632K, reserved 1179648K
  class space    used 8477K, committed 9088K, reserved 1048576K
}
Event: 17834.154 GC heap before
{Heap before GC invocations=350 (full 6):
 PSYoungGen      total 49664K, used 49506K [0x00000000d5580000, 0x00000000d8b00000, 0x0000000100000000)
  eden space 45568K, 100% used [0x00000000d5580000,0x00000000d8200000,0x00000000d8200000)
  from space 4096K, 96% used [0x00000000d8200000,0x00000000d85d8a58,0x00000000d8600000)
  to   space 4096K, 0% used [0x00000000d8700000,0x00000000d8700000,0x00000000d8b00000)
 ParOldGen       total 1398272K, used 319259K [0x0000000080000000, 0x00000000d5580000, 0x00000000d5580000)
  object space 1398272K, 22% used [0x0000000080000000,0x00000000937c6f28,0x00000000d5580000)
 Metaspace       used 84136K, committed 85632K, reserved 1179648K
  class space    used 8477K, committed 9088K, reserved 1048576K
}
Event: 17834.161 GC heap after
{Heap after GC invocations=350 (full 6):
 PSYoungGen      total 48128K, used 4078K [0x00000000d5580000, 0x00000000d9080000, 0x0000000100000000)
  eden space 44032K, 0% used [0x00000000d5580000,0x00000000d5580000,0x00000000d8080000)
  from space 4096K, 99% used [0x00000000d8700000,0x00000000d8afb968,0x00000000d8b00000)
  to   space 6656K, 0% used [0x00000000d8080000,0x00000000d8080000,0x00000000d8700000)
 ParOldGen       total 1398272K, used 321253K [0x0000000080000000, 0x00000000d5580000, 0x00000000d5580000)
  object space 1398272K, 22% used [0x0000000080000000,0x00000000939b9580,0x00000000d5580000)
 Metaspace       used 84136K, committed 85632K, reserved 1179648K
  class space    used 8477K, committed 9088K, reserved 1048576K
}
Event: 17834.198 GC heap before
{Heap before GC invocations=351 (full 6):
 PSYoungGen      total 48128K, used 48110K [0x00000000d5580000, 0x00000000d9080000, 0x0000000100000000)
  eden space 44032K, 100% used [0x00000000d5580000,0x00000000d8080000,0x00000000d8080000)
  from space 4096K, 99% used [0x00000000d8700000,0x00000000d8afb968,0x00000000d8b00000)
  to   space 6656K, 0% used [0x00000000d8080000,0x00000000d8080000,0x00000000d8700000)
 ParOldGen       total 1398272K, used 321253K [0x0000000080000000, 0x00000000d5580000, 0x00000000d5580000)
  object space 1398272K, 22% used [0x0000000080000000,0x00000000939b9580,0x00000000d5580000)
 Metaspace       used 84136K, committed 85632K, reserved 1179648K
  class space    used 8477K, committed 9088K, reserved 1048576K
}
Event: 17834.203 GC heap after
{Heap after GC invocations=351 (full 6):
 PSYoungGen      total 50688K, used 4462K [0x00000000d5580000, 0x00000000d8c80000, 0x0000000100000000)
  eden space 44032K, 0% used [0x00000000d5580000,0x00000000d5580000,0x00000000d8080000)
  from space 6656K, 67% used [0x00000000d8080000,0x00000000d84dbab8,0x00000000d8700000)
  to   space 5120K, 0% used [0x00000000d8780000,0x00000000d8780000,0x00000000d8c80000)
 ParOldGen       total 1398272K, used 321555K [0x0000000080000000, 0x00000000d5580000, 0x00000000d5580000)
  object space 1398272K, 22% used [0x0000000080000000,0x0000000093a04d58,0x00000000d5580000)
 Metaspace       used 84136K, committed 85632K, reserved 1179648K
  class space    used 8477K, committed 9088K, reserved 1048576K
}
Event: 17834.248 GC heap before
{Heap before GC invocations=352 (full 6):
 PSYoungGen      total 50688K, used 48494K [0x00000000d5580000, 0x00000000d8c80000, 0x0000000100000000)
  eden space 44032K, 100% used [0x00000000d5580000,0x00000000d8080000,0x00000000d8080000)
  from space 6656K, 67% used [0x00000000d8080000,0x00000000d84dbab8,0x00000000d8700000)
  to   space 5120K, 0% used [0x00000000d8780000,0x00000000d8780000,0x00000000d8c80000)
 ParOldGen       total 1398272K, used 321555K [0x0000000080000000, 0x00000000d5580000, 0x00000000d5580000)
  object space 1398272K, 22% used [0x0000000080000000,0x0000000093a04d58,0x00000000d5580000)
 Metaspace       used 84136K, committed 85632K, reserved 1179648K
  class space    used 8477K, committed 9088K, reserved 1048576K
}
Event: 17834.252 GC heap after
{Heap after GC invocations=352 (full 6):
 PSYoungGen      total 50176K, used 4177K [0x00000000d5580000, 0x00000000d8c00000, 0x0000000100000000)
  eden space 45568K, 0% used [0x00000000d5580000,0x00000000d5580000,0x00000000d8200000)
  from space 4608K, 90% used [0x00000000d8780000,0x00000000d8b945c0,0x00000000d8c00000)
  to   space 4608K, 0% used [0x00000000d8300000,0x00000000d8300000,0x00000000d8780000)
 ParOldGen       total 1398272K, used 321555K [0x0000000080000000, 0x00000000d5580000, 0x00000000d5580000)
  object space 1398272K, 22% used [0x0000000080000000,0x0000000093a04d58,0x00000000d5580000)
 Metaspace       used 84136K, committed 85632K, reserved 1179648K
  class space    used 8477K, committed 9088K, reserved 1048576K
}
Event: 17834.328 GC heap before
{Heap before GC invocations=353 (full 6):
 PSYoungGen      total 50176K, used 49745K [0x00000000d5580000, 0x00000000d8c00000, 0x0000000100000000)
  eden space 45568K, 100% used [0x00000000d5580000,0x00000000d8200000,0x00000000d8200000)
  from space 4608K, 90% used [0x00000000d8780000,0x00000000d8b945c0,0x00000000d8c00000)
  to   space 4608K, 0% used [0x00000000d8300000,0x00000000d8300000,0x00000000d8780000)
 ParOldGen       total 1398272K, used 321555K [0x0000000080000000, 0x00000000d5580000, 0x00000000d5580000)
  object space 1398272K, 22% used [0x0000000080000000,0x0000000093a04d58,0x00000000d5580000)
 Metaspace       used 84136K, committed 85632K, reserved 1179648K
  class space    used 8477K, committed 9088K, reserved 1048576K
}
Event: 17834.331 GC heap after
{Heap after GC invocations=353 (full 6):
 PSYoungGen      total 51200K, used 3852K [0x00000000d5580000, 0x00000000d8b80000, 0x0000000100000000)
  eden space 46592K, 0% used [0x00000000d5580000,0x00000000d5580000,0x00000000d8300000)
  from space 4608K, 83% used [0x00000000d8300000,0x00000000d86c33f0,0x00000000d8780000)
  to   space 4096K, 0% used [0x00000000d8780000,0x00000000d8780000,0x00000000d8b80000)
 ParOldGen       total 1398272K, used 321876K [0x0000000080000000, 0x00000000d5580000, 0x00000000d5580000)
  object space 1398272K, 23% used [0x0000000080000000,0x0000000093a551e0,0x00000000d5580000)
 Metaspace       used 84136K, committed 85632K, reserved 1179648K
  class space    used 8477K, committed 9088K, reserved 1048576K
}
Event: 17834.382 GC heap before
{Heap before GC invocations=354 (full 6):
 PSYoungGen      total 51200K, used 50444K [0x00000000d5580000, 0x00000000d8b80000, 0x0000000100000000)
  eden space 46592K, 100% used [0x00000000d5580000,0x00000000d8300000,0x00000000d8300000)
  from space 4608K, 83% used [0x00000000d8300000,0x00000000d86c33f0,0x00000000d8780000)
  to   space 4096K, 0% used [0x00000000d8780000,0x00000000d8780000,0x00000000d8b80000)
 ParOldGen       total 1398272K, used 321876K [0x0000000080000000, 0x00000000d5580000, 0x00000000d5580000)
  object space 1398272K, 23% used [0x0000000080000000,0x0000000093a551e0,0x00000000d5580000)
 Metaspace       used 84136K, committed 85632K, reserved 1179648K
  class space    used 8477K, committed 9088K, reserved 1048576K
}
Event: 17834.385 GC heap after
{Heap after GC invocations=354 (full 6):
 PSYoungGen      total 50176K, used 4072K [0x00000000d5580000, 0x00000000d8e80000, 0x0000000100000000)
  eden space 46080K, 0% used [0x00000000d5580000,0x00000000d5580000,0x00000000d8280000)
  from space 4096K, 99% used [0x00000000d8780000,0x00000000d8b7a1b0,0x00000000d8b80000)
  to   space 5120K, 0% used [0x00000000d8280000,0x00000000d8280000,0x00000000d8780000)
 ParOldGen       total 1398272K, used 322412K [0x0000000080000000, 0x00000000d5580000, 0x00000000d5580000)
  object space 1398272K, 23% used [0x0000000080000000,0x0000000093adb210,0x00000000d5580000)
 Metaspace       used 84136K, committed 85632K, reserved 1179648K
  class space    used 8477K, committed 9088K, reserved 1048576K
}
Event: 17834.437 GC heap before
{Heap before GC invocations=355 (full 6):
 PSYoungGen      total 50176K, used 50152K [0x00000000d5580000, 0x00000000d8e80000, 0x0000000100000000)
  eden space 46080K, 100% used [0x00000000d5580000,0x00000000d8280000,0x00000000d8280000)
  from space 4096K, 99% used [0x00000000d8780000,0x00000000d8b7a1b0,0x00000000d8b80000)
  to   space 5120K, 0% used [0x00000000d8280000,0x00000000d8280000,0x00000000d8780000)
 ParOldGen       total 1398272K, used 322412K [0x0000000080000000, 0x00000000d5580000, 0x00000000d5580000)
  object space 1398272K, 23% used [0x0000000080000000,0x0000000093adb210,0x00000000d5580000)
 Metaspace       used 84136K, committed 85632K, reserved 1179648K
  class space    used 8477K, committed 9088K, reserved 1048576K
}
Event: 17834.443 GC heap after
{Heap after GC invocations=355 (full 6):
 PSYoungGen      total 51200K, used 3870K [0x00000000d5580000, 0x00000000d8d00000, 0x0000000100000000)
  eden space 46080K, 0% used [0x00000000d5580000,0x00000000d5580000,0x00000000d8280000)
  from space 5120K, 75% used [0x00000000d8280000,0x00000000d8647888,0x00000000d8780000)
  to   space 4608K, 0% used [0x00000000d8880000,0x00000000d8880000,0x00000000d8d00000)
 ParOldGen       total 1398272K, used 323503K [0x0000000080000000, 0x00000000d5580000, 0x00000000d5580000)
  object space 1398272K, 23% used [0x0000000080000000,0x0000000093bebe10,0x00000000d5580000)
 Metaspace       used 84136K, committed 85632K, reserved 1179648K
  class space    used 8477K, committed 9088K, reserved 1048576K
}
Event: 17834.499 GC heap before
{Heap before GC invocations=356 (full 6):
 PSYoungGen      total 51200K, used 49950K [0x00000000d5580000, 0x00000000d8d00000, 0x0000000100000000)
  eden space 46080K, 100% used [0x00000000d5580000,0x00000000d8280000,0x00000000d8280000)
  from space 5120K, 75% used [0x00000000d8280000,0x00000000d8647888,0x00000000d8780000)
  to   space 4608K, 0% used [0x00000000d8880000,0x00000000d8880000,0x00000000d8d00000)
 ParOldGen       total 1398272K, used 323503K [0x0000000080000000, 0x00000000d5580000, 0x00000000d5580000)
  object space 1398272K, 23% used [0x0000000080000000,0x0000000093bebe10,0x00000000d5580000)
 Metaspace       used 84136K, committed 85632K, reserved 1179648K
  class space    used 8477K, committed 9088K, reserved 1048576K
}
Event: 17834.503 GC heap after
{Heap after GC invocations=356 (full 6):
 PSYoungGen      total 52224K, used 4081K [0x00000000d5580000, 0x00000000d8d00000, 0x0000000100000000)
  eden space 47616K, 0% used [0x00000000d5580000,0x00000000d5580000,0x00000000d8400000)
  from space 4608K, 88% used [0x00000000d8880000,0x00000000d8c7c530,0x00000000d8d00000)
  to   space 4608K, 0% used [0x00000000d8400000,0x00000000d8400000,0x00000000d8880000)
 ParOldGen       total 1398272K, used 323503K [0x0000000080000000, 0x00000000d5580000, 0x00000000d5580000)
  object space 1398272K, 23% used [0x0000000080000000,0x0000000093bebe10,0x00000000d5580000)
 Metaspace       used 84136K, committed 85632K, reserved 1179648K
  class space    used 8477K, committed 9088K, reserved 1048576K
}
Event: 17834.545 GC heap before
{Heap before GC invocations=357 (full 6):
 PSYoungGen      total 52224K, used 51697K [0x00000000d5580000, 0x00000000d8d00000, 0x0000000100000000)
  eden space 47616K, 100% used [0x00000000d5580000,0x00000000d8400000,0x00000000d8400000)
  from space 4608K, 88% used [0x00000000d8880000,0x00000000d8c7c530,0x00000000d8d00000)
  to   space 4608K, 0% used [0x00000000d8400000,0x00000000d8400000,0x00000000d8880000)
 ParOldGen       total 1398272K, used 323503K [0x0000000080000000, 0x00000000d5580000, 0x00000000d5580000)
  object space 1398272K, 23% used [0x0000000080000000,0x0000000093bebe10,0x00000000d5580000)
 Metaspace       used 84136K, committed 85632K, reserved 1179648K
  class space    used 8477K, committed 9088K, reserved 1048576K
}
Event: 17834.547 GC heap after
{Heap after GC invocations=357 (full 6):
 PSYoungGen      total 52224K, used 2705K [0x00000000d5580000, 0x00000000d8c80000, 0x0000000100000000)
  eden space 47616K, 0% used [0x00000000d5580000,0x00000000d5580000,0x00000000d8400000)
  from space 4608K, 58% used [0x00000000d8400000,0x00000000d86a4530,0x00000000d8880000)
  to   space 3584K, 0% used [0x00000000d8900000,0x00000000d8900000,0x00000000d8c80000)
 ParOldGen       total 1398272K, used 323503K [0x0000000080000000, 0x00000000d5580000, 0x00000000d5580000)
  object space 1398272K, 23% used [0x0000000080000000,0x0000000093bebe10,0x00000000d5580000)
 Metaspace       used 84136K, committed 85632K, reserved 1179648K
  class space    used 8477K, committed 9088K, reserved 1048576K
}
Event: 17866.346 GC heap before
{Heap before GC invocations=358 (full 6):
 PSYoungGen      total 52224K, used 50321K [0x00000000d5580000, 0x00000000d8c80000, 0x0000000100000000)
  eden space 47616K, 100% used [0x00000000d5580000,0x00000000d8400000,0x00000000d8400000)
  from space 4608K, 58% used [0x00000000d8400000,0x00000000d86a4530,0x00000000d8880000)
  to   space 3584K, 0% used [0x00000000d8900000,0x00000000d8900000,0x00000000d8c80000)
 ParOldGen       total 1398272K, used 323503K [0x0000000080000000, 0x00000000d5580000, 0x00000000d5580000)
  object space 1398272K, 23% used [0x0000000080000000,0x0000000093bebe10,0x00000000d5580000)
 Metaspace       used 84179K, committed 85696K, reserved 1179648K
  class space    used 8477K, committed 9088K, reserved 1048576K
}
Event: 17866.445 GC heap after
{Heap after GC invocations=358 (full 6):
 PSYoungGen      total 50176K, used 3558K [0x00000000d5580000, 0x00000000d8c80000, 0x0000000100000000)
  eden space 46592K, 0% used [0x00000000d5580000,0x00000000d5580000,0x00000000d8300000)
  from space 3584K, 99% used [0x00000000d8900000,0x00000000d8c79a20,0x00000000d8c80000)
  to   space 4096K, 0% used [0x00000000d8480000,0x00000000d8480000,0x00000000d8880000)
 ParOldGen       total 1398272K, used 323679K [0x0000000080000000, 0x00000000d5580000, 0x00000000d5580000)
  object space 1398272K, 23% used [0x0000000080000000,0x0000000093c17e10,0x00000000d5580000)
 Metaspace       used 84179K, committed 85696K, reserved 1179648K
  class space    used 8477K, committed 9088K, reserved 1048576K
}

