# JRE version: OpenJDK Runtime Environment Temurin-21.0.12.1+1 (21.0.12.1+1) (build 21.0.12.1+1-LTS)
# Java VM: OpenJDK 64-Bit Server VM Temurin-21.0.12.1+1 (21.0.12.1+1-LTS, mixed mode, sharing, tiered, compressed oops, compressed class ptrs, parallel gc, windows-amd64)
GC Precious Log:
 CardTable entry size: 512
 CPUs: 4 total, 4 available
 Memory: 3530M
 Large Page Support: Disabled
 NUMA Support: Disabled
 Compressed Oops: Enabled (32-bit)
 Alignments: Space 512K, Generation 512K, Heap 2M
 Heap Min Capacity: 100M
 Heap Initial Capacity: 100M
 Heap Max Capacity: 2G
 Pre-touch: Disabled
 Parallel Workers: 4
Heap:
 PSYoungGen      total 6144K, used 3327K [0x00000000d5580000, 0x00000000d5d80000, 0x0000000100000000)
  eden space 3584K, 41% used [0x00000000d5580000,0x00000000d56f4648,0x00000000d5900000)
  from space 2560K, 71% used [0x00000000d5900000,0x00000000d5acb630,0x00000000d5b80000)
  to   space 2048K, 0% used [0x00000000d5b80000,0x00000000d5b80000,0x00000000d5d80000)
 ParOldGen       total 353792K, used 353762K [0x0000000080000000, 0x0000000095980000, 0x00000000d5580000)
  object space 353792K, 99% used [0x0000000080000000,0x0000000095978b40,0x0000000095980000)
 Metaspace       used 85165K, committed 86720K, reserved 1179648K
  class space    used 8619K, committed 9344K, reserved 1048576K
GC Heap History (20 events):
Event: 5238.451 GC heap before
{Heap before GC invocations=469 (full 7):
 PSYoungGen      total 4608K, used 4197K [0x00000000d5580000, 0x00000000d6100000, 0x0000000100000000)
  eden space 1024K, 100% used [0x00000000d5580000,0x00000000d5680000,0x00000000d5680000)
  from space 3584K, 88% used [0x00000000d5680000,0x00000000d59995e0,0x00000000d5a00000)
  to   space 5120K, 0% used [0x00000000d5c00000,0x00000000d5c00000,0x00000000d6100000)
 ParOldGen       total 351744K, used 351617K [0x0000000080000000, 0x0000000095780000, 0x00000000d5580000)
  object space 351744K, 99% used [0x0000000080000000,0x0000000095760558,0x0000000095780000)
 Metaspace       used 85161K, committed 86720K, reserved 1179648K
  class space    used 8619K, committed 9344K, reserved 1048576K
}
Event: 5238.456 GC heap after
{Heap after GC invocations=469 (full 7):
 PSYoungGen      total 5120K, used 3237K [0x00000000d5580000, 0x00000000d5f80000, 0x0000000100000000)
  eden space 1536K, 0% used [0x00000000d5580000,0x00000000d5580000,0x00000000d5700000)
  from space 3584K, 90% used [0x00000000d5c00000,0x00000000d5f295e0,0x00000000d5f80000)
  to   space 3584K, 0% used [0x00000000d5880000,0x00000000d5880000,0x00000000d5c00000)
 ParOldGen       total 351744K, used 351617K [0x0000000080000000, 0x0000000095780000, 0x00000000d5580000)
  object space 351744K, 99% used [0x0000000080000000,0x0000000095760558,0x0000000095780000)
 Metaspace       used 85161K, committed 86720K, reserved 1179648K
  class space    used 8619K, committed 9344K, reserved 1048576K
}
Event: 5238.526 GC heap before
{Heap before GC invocations=470 (full 7):
 PSYoungGen      total 5120K, used 4773K [0x00000000d5580000, 0x00000000d5f80000, 0x0000000100000000)
  eden space 1536K, 100% used [0x00000000d5580000,0x00000000d5700000,0x00000000d5700000)
  from space 3584K, 90% used [0x00000000d5c00000,0x00000000d5f295e0,0x00000000d5f80000)
  to   space 3584K, 0% used [0x00000000d5880000,0x00000000d5880000,0x00000000d5c00000)
 ParOldGen       total 351744K, used 351617K [0x0000000080000000, 0x0000000095780000, 0x00000000d5580000)
  object space 351744K, 99% used [0x0000000080000000,0x0000000095760558,0x0000000095780000)
 Metaspace       used 85161K, committed 86720K, reserved 1179648K
  class space    used 8619K, committed 9344K, reserved 1048576K
}
Event: 5238.532 GC heap after
{Heap after GC invocations=470 (full 7):
 PSYoungGen      total 5632K, used 3573K [0x00000000d5580000, 0x00000000d5f80000, 0x0000000100000000)
  eden space 2048K, 0% used [0x00000000d5580000,0x00000000d5580000,0x00000000d5780000)
  from space 3584K, 99% used [0x00000000d5880000,0x00000000d5bfd5d0,0x00000000d5c00000)
  to   space 3584K, 0% used [0x00000000d5c00000,0x00000000d5c00000,0x00000000d5f80000)
 ParOldGen       total 351744K, used 351665K [0x0000000080000000, 0x0000000095780000, 0x00000000d5580000)
  object space 351744K, 99% used [0x0000000080000000,0x000000009576c558,0x0000000095780000)
 Metaspace       used 85161K, committed 86720K, reserved 1179648K
  class space    used 8619K, committed 9344K, reserved 1048576K
}
Event: 5238.687 GC heap before
{Heap before GC invocations=471 (full 7):
 PSYoungGen      total 5632K, used 5621K [0x00000000d5580000, 0x00000000d5f80000, 0x0000000100000000)
  eden space 2048K, 100% used [0x00000000d5580000,0x00000000d5780000,0x00000000d5780000)
  from space 3584K, 99% used [0x00000000d5880000,0x00000000d5bfd5d0,0x00000000d5c00000)
  to   space 3584K, 0% used [0x00000000d5c00000,0x00000000d5c00000,0x00000000d5f80000)
 ParOldGen       total 351744K, used 351665K [0x0000000080000000, 0x0000000095780000, 0x00000000d5580000)
  object space 351744K, 99% used [0x0000000080000000,0x000000009576c558,0x0000000095780000)
 Metaspace       used 85161K, committed 86720K, reserved 1179648K
  class space    used 8619K, committed 9344K, reserved 1048576K
}
Event: 5238.692 GC heap after
{Heap after GC invocations=471 (full 7):
 PSYoungGen      total 5632K, used 3556K [0x00000000d5580000, 0x00000000d6100000, 0x0000000100000000)
  eden space 2048K, 0% used [0x00000000d5580000,0x00000000d5580000,0x00000000d5780000)
  from space 3584K, 99% used [0x00000000d5c00000,0x00000000d5f793f8,0x00000000d5f80000)
  to   space 4608K, 0% used [0x00000000d5780000,0x00000000d5780000,0x00000000d5c00000)
 ParOldGen       total 352768K, used 352311K [0x0000000080000000, 0x0000000095880000, 0x00000000d5580000)
  object space 352768K, 99% used [0x0000000080000000,0x000000009580de40,0x0000000095880000)
 Metaspace       used 85161K, committed 86720K, reserved 1179648K
  class space    used 8619K, committed 9344K, reserved 1048576K
}
Event: 5238.749 GC heap before
{Heap before GC invocations=472 (full 7):
 PSYoungGen      total 5632K, used 5604K [0x00000000d5580000, 0x00000000d6100000, 0x0000000100000000)
  eden space 2048K, 100% used [0x00000000d5580000,0x00000000d5780000,0x00000000d5780000)
  from space 3584K, 99% used [0x00000000d5c00000,0x00000000d5f793f8,0x00000000d5f80000)
  to   space 4608K, 0% used [0x00000000d5780000,0x00000000d5780000,0x00000000d5c00000)
 ParOldGen       total 352768K, used 352311K [0x0000000080000000, 0x0000000095880000, 0x00000000d5580000)
  object space 352768K, 99% used [0x0000000080000000,0x000000009580de40,0x0000000095880000)
 Metaspace       used 85161K, committed 86720K, reserved 1179648K
  class space    used 8619K, committed 9344K, reserved 1048576K
}
Event: 5238.753 GC heap after
{Heap after GC invocations=472 (full 7):
 PSYoungGen      total 6656K, used 3514K [0x00000000d5580000, 0x00000000d6000000, 0x0000000100000000)
  eden space 2048K, 0% used [0x00000000d5580000,0x00000000d5580000,0x00000000d5780000)
  from space 4608K, 76% used [0x00000000d5780000,0x00000000d5aeeae8,0x00000000d5c00000)
  to   space 4096K, 0% used [0x00000000d5c00000,0x00000000d5c00000,0x00000000d6000000)
 ParOldGen       total 352768K, used 352612K [0x0000000080000000, 0x0000000095880000, 0x00000000d5580000)
  object space 352768K, 99% used [0x0000000080000000,0x0000000095859040,0x0000000095880000)
 Metaspace       used 85161K, committed 86720K, reserved 1179648K
  class space    used 8619K, committed 9344K, reserved 1048576K
}
Event: 5239.726 GC heap before
{Heap before GC invocations=473 (full 7):
 PSYoungGen      total 6656K, used 5562K [0x00000000d5580000, 0x00000000d6000000, 0x0000000100000000)
  eden space 2048K, 100% used [0x00000000d5580000,0x00000000d5780000,0x00000000d5780000)
  from space 4608K, 76% used [0x00000000d5780000,0x00000000d5aeeae8,0x00000000d5c00000)
  to   space 4096K, 0% used [0x00000000d5c00000,0x00000000d5c00000,0x00000000d6000000)
 ParOldGen       total 352768K, used 352612K [0x0000000080000000, 0x0000000095880000, 0x00000000d5580000)
  object space 352768K, 99% used [0x0000000080000000,0x0000000095859040,0x0000000095880000)
 Metaspace       used 85162K, committed 86720K, reserved 1179648K
  class space    used 8619K, committed 9344K, reserved 1048576K
}
Event: 5239.733 GC heap after
{Heap after GC invocations=473 (full 7):
 PSYoungGen      total 3584K, used 1012K [0x00000000d5580000, 0x00000000d5d00000, 0x0000000100000000)
  eden space 2560K, 0% used [0x00000000d5580000,0x00000000d5580000,0x00000000d5800000)
  from space 1024K, 98% used [0x00000000d5c00000,0x00000000d5cfd240,0x00000000d5d00000)
  to   space 2048K, 0% used [0x00000000d5900000,0x00000000d5900000,0x00000000d5b00000)
 ParOldGen       total 352768K, used 352620K [0x0000000080000000, 0x0000000095880000, 0x00000000d5580000)
  object space 352768K, 99% used [0x0000000080000000,0x000000009585b040,0x0000000095880000)
 Metaspace       used 85162K, committed 86720K, reserved 1179648K
  class space    used 8619K, committed 9344K, reserved 1048576K
}
Event: 5239.999 GC heap before
{Heap before GC invocations=474 (full 7):
 PSYoungGen      total 3584K, used 3572K [0x00000000d5580000, 0x00000000d5d00000, 0x0000000100000000)
  eden space 2560K, 100% used [0x00000000d5580000,0x00000000d5800000,0x00000000d5800000)
  from space 1024K, 98% used [0x00000000d5c00000,0x00000000d5cfd240,0x00000000d5d00000)
  to   space 2048K, 0% used [0x00000000d5900000,0x00000000d5900000,0x00000000d5b00000)
 ParOldGen       total 352768K, used 352620K [0x0000000080000000, 0x0000000095880000, 0x00000000d5580000)
  object space 352768K, 99% used [0x0000000080000000,0x000000009585b040,0x0000000095880000)
 Metaspace       used 85162K, committed 86720K, reserved 1179648K
  class space    used 8619K, committed 9344K, reserved 1048576K
}
Event: 5240.007 GC heap after
{Heap after GC invocations=474 (full 7):
 PSYoungGen      total 5120K, used 1721K [0x00000000d5580000, 0x00000000d5c80000, 0x0000000100000000)
  eden space 3072K, 0% used [0x00000000d5580000,0x00000000d5580000,0x00000000d5880000)
  from space 2048K, 84% used [0x00000000d5900000,0x00000000d5aae430,0x00000000d5b00000)
  to   space 1536K, 0% used [0x00000000d5b00000,0x00000000d5b00000,0x00000000d5c80000)
 ParOldGen       total 352768K, used 352620K [0x0000000080000000, 0x0000000095880000, 0x00000000d5580000)
  object space 352768K, 99% used [0x0000000080000000,0x000000009585b040,0x0000000095880000)
 Metaspace       used 85162K, committed 86720K, reserved 1179648K
  class space    used 8619K, committed 9344K, reserved 1048576K
}
Event: 5241.124 GC heap before
{Heap before GC invocations=475 (full 7):
 PSYoungGen      total 5120K, used 4793K [0x00000000d5580000, 0x00000000d5c80000, 0x0000000100000000)
  eden space 3072K, 100% used [0x00000000d5580000,0x00000000d5880000,0x00000000d5880000)
  from space 2048K, 84% used [0x00000000d5900000,0x00000000d5aae430,0x00000000d5b00000)
  to   space 1536K, 0% used [0x00000000d5b00000,0x00000000d5b00000,0x00000000d5c80000)
 ParOldGen       total 352768K, used 352620K [0x0000000080000000, 0x0000000095880000, 0x00000000d5580000)
  object space 352768K, 99% used [0x0000000080000000,0x000000009585b040,0x0000000095880000)
 Metaspace       used 85162K, committed 86720K, reserved 1179648K
  class space    used 8619K, committed 9344K, reserved 1048576K
}
Event: 5241.128 GC heap after
{Heap after GC invocations=475 (full 7):
 PSYoungGen      total 5120K, used 1513K [0x00000000d5580000, 0x00000000d5d00000, 0x0000000100000000)
  eden space 3584K, 0% used [0x00000000d5580000,0x00000000d5580000,0x00000000d5900000)
  from space 1536K, 98% used [0x00000000d5b00000,0x00000000d5c7a440,0x00000000d5c80000)
  to   space 2048K, 0% used [0x00000000d5900000,0x00000000d5900000,0x00000000d5b00000)
 ParOldGen       total 353280K, used 352989K [0x0000000080000000, 0x0000000095900000, 0x00000000d5580000)
  object space 353280K, 99% used [0x0000000080000000,0x00000000958b74e0,0x0000000095900000)
 Metaspace       used 85162K, committed 86720K, reserved 1179648K
  class space    used 8619K, committed 9344K, reserved 1048576K
}
Event: 5250.108 GC heap before
{Heap before GC invocations=476 (full 7):
 PSYoungGen      total 5120K, used 5097K [0x00000000d5580000, 0x00000000d5d00000, 0x0000000100000000)
  eden space 3584K, 100% used [0x00000000d5580000,0x00000000d5900000,0x00000000d5900000)
  from space 1536K, 98% used [0x00000000d5b00000,0x00000000d5c7a440,0x00000000d5c80000)
  to   space 2048K, 0% used [0x00000000d5900000,0x00000000d5900000,0x00000000d5b00000)
 ParOldGen       total 353280K, used 352989K [0x0000000080000000, 0x0000000095900000, 0x00000000d5580000)
  object space 353280K, 99% used [0x0000000080000000,0x00000000958b74e0,0x0000000095900000)
 Metaspace       used 85162K, committed 86720K, reserved 1179648K
  class space    used 8619K, committed 9344K, reserved 1048576K
}
Event: 5250.117 GC heap after
{Heap after GC invocations=476 (full 7):
 PSYoungGen      total 5632K, used 1625K [0x00000000d5580000, 0x00000000d5d80000, 0x0000000100000000)
  eden space 3584K, 0% used [0x00000000d5580000,0x00000000d5580000,0x00000000d5900000)
  from space 2048K, 79% used [0x00000000d5900000,0x00000000d5a96450,0x00000000d5b00000)
  to   space 2048K, 0% used [0x00000000d5b80000,0x00000000d5b80000,0x00000000d5d80000)
 ParOldGen       total 353280K, used 353005K [0x0000000080000000, 0x0000000095900000, 0x00000000d5580000)
  object space 353280K, 99% used [0x0000000080000000,0x00000000958bb4e0,0x0000000095900000)
 Metaspace       used 85162K, committed 86720K, reserved 1179648K
  class space    used 8619K, committed 9344K, reserved 1048576K
}
Event: 5251.144 GC heap before
{Heap before GC invocations=477 (full 7):
 PSYoungGen      total 5632K, used 5209K [0x00000000d5580000, 0x00000000d5d80000, 0x0000000100000000)
  eden space 3584K, 100% used [0x00000000d5580000,0x00000000d5900000,0x00000000d5900000)
  from space 2048K, 79% used [0x00000000d5900000,0x00000000d5a96450,0x00000000d5b00000)
  to   space 2048K, 0% used [0x00000000d5b80000,0x00000000d5b80000,0x00000000d5d80000)
 ParOldGen       total 353280K, used 353005K [0x0000000080000000, 0x0000000095900000, 0x00000000d5580000)
  object space 353280K, 99% used [0x0000000080000000,0x00000000958bb4e0,0x0000000095900000)
 Metaspace       used 85164K, committed 86720K, reserved 1179648K
  class space    used 8619K, committed 9344K, reserved 1048576K
}
Event: 5251.155 GC heap after
{Heap after GC invocations=477 (full 7):
 PSYoungGen      total 5632K, used 2029K [0x00000000d5580000, 0x00000000d5e80000, 0x0000000100000000)
  eden space 3584K, 0% used [0x00000000d5580000,0x00000000d5580000,0x00000000d5900000)
  from space 2048K, 99% used [0x00000000d5b80000,0x00000000d5d7b650,0x00000000d5d80000)
  to   space 2560K, 0% used [0x00000000d5900000,0x00000000d5900000,0x00000000d5b80000)
 ParOldGen       total 353792K, used 353333K [0x0000000080000000, 0x0000000095980000, 0x00000000d5580000)
  object space 353792K, 99% used [0x0000000080000000,0x000000009590d4f0,0x0000000095980000)
 Metaspace       used 85164K, committed 86720K, reserved 1179648K
  class space    used 8619K, committed 9344K, reserved 1048576K
}
Event: 5251.694 GC heap before
{Heap before GC invocations=478 (full 7):
 PSYoungGen      total 5632K, used 5613K [0x00000000d5580000, 0x00000000d5e80000, 0x0000000100000000)
  eden space 3584K, 100% used [0x00000000d5580000,0x00000000d5900000,0x00000000d5900000)
  from space 2048K, 99% used [0x00000000d5b80000,0x00000000d5d7b650,0x00000000d5d80000)
  to   space 2560K, 0% used [0x00000000d5900000,0x00000000d5900000,0x00000000d5b80000)
 ParOldGen       total 353792K, used 353333K [0x0000000080000000, 0x0000000095980000, 0x00000000d5580000)
  object space 353792K, 99% used [0x0000000080000000,0x000000009590d4f0,0x0000000095980000)
 Metaspace       used 85165K, committed 86720K, reserved 1179648K
  class space    used 8619K, committed 9344K, reserved 1048576K
}
Event: 5251.699 GC heap after
{Heap after GC invocations=478 (full 7):
 PSYoungGen      total 6144K, used 1837K [0x00000000d5580000, 0x00000000d5d80000, 0x0000000100000000)
  eden space 3584K, 0% used [0x00000000d5580000,0x00000000d5580000,0x00000000d5900000)
  from space 2560K, 71% used [0x00000000d5900000,0x00000000d5acb630,0x00000000d5b80000)
  to   space 2048K, 0% used [0x00000000d5b80000,0x00000000d5b80000,0x00000000d5d80000)
 ParOldGen       total 353792K, used 353762K [0x0000000080000000, 0x0000000095980000, 0x00000000d5580000)
  object space 353792K, 99% used [0x0000000080000000,0x0000000095978b40,0x0000000095980000)
 Metaspace       used 85165K, committed 86720K, reserved 1179648K
  class space    used 8619K, committed 9344K, reserved 1048576K
}

