# JRE version: OpenJDK Runtime Environment Temurin-21.0.12.1+1 (21.0.12.1+1) (build 21.0.12.1+1-LTS)
# Java VM: OpenJDK 64-Bit Server VM Temurin-21.0.12.1+1 (21.0.12.1+1-LTS, mixed mode, sharing, tiered, compressed oops, compressed class ptrs, parallel gc, windows-amd64)
GC Precious Log:
 CardTable entry size: 512
 CPUs: 4 total, 4 available
 Memory: 3530M
 Large Page Support: Disabled
 NUMA Support: Disabled
 Compressed Oops: Enabled (32-bit)
 Alignments: Space 512K, Generation 512K, Heap 2M
 Heap Min Capacity: 100M
 Heap Initial Capacity: 100M
 Heap Max Capacity: 2G
 Pre-touch: Disabled
 Parallel Workers: 4
Heap:
 PSYoungGen      total 2560K, used 480K [0x00000000d5580000, 0x00000000d5980000, 0x0000000100000000)
  eden space 2048K, 3% used [0x00000000d5580000,0x00000000d5590328,0x00000000d5780000)
  from space 512K, 81% used [0x00000000d5900000,0x00000000d5968000,0x00000000d5980000)
  to   space 512K, 0% used [0x00000000d5880000,0x00000000d5880000,0x00000000d5900000)
 ParOldGen       total 1344000K, used 540992K [0x0000000080000000, 0x00000000d2080000, 0x00000000d5580000)
  object space 1344000K, 40% used [0x0000000080000000,0x00000000a1050130,0x00000000d2080000)
 Metaspace       used 90002K, committed 91840K, reserved 1179648K
  class space    used 9011K, committed 9920K, reserved 1048576K
GC Heap History (20 events):
Event: 4663.131 GC heap before
{Heap before GC invocations=2551 (full 5):
 PSYoungGen      total 3072K, used 2880K [0x00000000d5580000, 0x00000000d5b80000, 0x0000000100000000)
  eden space 2560K, 100% used [0x00000000d5580000,0x00000000d5800000,0x00000000d5800000)
  from space 512K, 62% used [0x00000000d5b00000,0x00000000d5b50040,0x00000000d5b80000)
  to   space 512K, 0% used [0x00000000d5a80000,0x00000000d5a80000,0x00000000d5b00000)
 ParOldGen       total 1344000K, used 531535K [0x0000000080000000, 0x00000000d2080000, 0x00000000d5580000)
  object space 1344000K, 39% used [0x0000000080000000,0x00000000a0713fa0,0x00000000d2080000)
 Metaspace       used 89971K, committed 91840K, reserved 1179648K
  class space    used 9006K, committed 9920K, reserved 1048576K
}
Event: 4663.135 GC heap after
{Heap after GC invocations=2551 (full 5):
 PSYoungGen      total 3072K, used 512K [0x00000000d5580000, 0x00000000d5b80000, 0x0000000100000000)
  eden space 2560K, 0% used [0x00000000d5580000,0x00000000d5580000,0x00000000d5800000)
  from space 512K, 100% used [0x00000000d5a80000,0x00000000d5b00000,0x00000000d5b00000)
  to   space 512K, 0% used [0x00000000d5b00000,0x00000000d5b00000,0x00000000d5b80000)
 ParOldGen       total 1344000K, used 531751K [0x0000000080000000, 0x00000000d2080000, 0x00000000d5580000)
  object space 1344000K, 39% used [0x0000000080000000,0x00000000a0749fd0,0x00000000d2080000)
 Metaspace       used 89971K, committed 91840K, reserved 1179648K
  class space    used 9006K, committed 9920K, reserved 1048576K
}
Event: 4663.384 GC heap before
{Heap before GC invocations=2552 (full 5):
 PSYoungGen      total 3072K, used 3072K [0x00000000d5580000, 0x00000000d5b80000, 0x0000000100000000)
  eden space 2560K, 100% used [0x00000000d5580000,0x00000000d5800000,0x00000000d5800000)
  from space 512K, 100% used [0x00000000d5a80000,0x00000000d5b00000,0x00000000d5b00000)
  to   space 512K, 0% used [0x00000000d5b00000,0x00000000d5b00000,0x00000000d5b80000)
 ParOldGen       total 1344000K, used 531751K [0x0000000080000000, 0x00000000d2080000, 0x00000000d5580000)
  object space 1344000K, 39% used [0x0000000080000000,0x00000000a0749fd0,0x00000000d2080000)
 Metaspace       used 89974K, committed 91840K, reserved 1179648K
  class space    used 9006K, committed 9920K, reserved 1048576K
}
Event: 4663.391 GC heap after
{Heap after GC invocations=2552 (full 5):
 PSYoungGen      total 3072K, used 512K [0x00000000d5580000, 0x00000000d5b80000, 0x0000000100000000)
  eden space 2560K, 0% used [0x00000000d5580000,0x00000000d5580000,0x00000000d5800000)
  from space 512K, 100% used [0x00000000d5b00000,0x00000000d5b80000,0x00000000d5b80000)
  to   space 1536K, 0% used [0x00000000d5880000,0x00000000d5880000,0x00000000d5a00000)
 ParOldGen       total 1344000K, used 532512K [0x0000000080000000, 0x00000000d2080000, 0x00000000d5580000)
  object space 1344000K, 39% used [0x0000000080000000,0x00000000a08081e0,0x00000000d2080000)
 Metaspace       used 89974K, committed 91840K, reserved 1179648K
  class space    used 9006K, committed 9920K, reserved 1048576K
}
Event: 7138.902 GC heap before
{Heap before GC invocations=2553 (full 5):
 PSYoungGen      total 3072K, used 3072K [0x00000000d5580000, 0x00000000d5b80000, 0x0000000100000000)
  eden space 2560K, 100% used [0x00000000d5580000,0x00000000d5800000,0x00000000d5800000)
  from space 512K, 100% used [0x00000000d5b00000,0x00000000d5b80000,0x00000000d5b80000)
  to   space 1536K, 0% used [0x00000000d5880000,0x00000000d5880000,0x00000000d5a00000)
 ParOldGen       total 1344000K, used 532512K [0x0000000080000000, 0x00000000d2080000, 0x00000000d5580000)
  object space 1344000K, 39% used [0x0000000080000000,0x00000000a08081e0,0x00000000d2080000)
 Metaspace       used 90000K, committed 91840K, reserved 1179648K
  class space    used 9011K, committed 9920K, reserved 1048576K
}
Event: 7139.059 GC heap after
{Heap after GC invocations=2553 (full 5):
 PSYoungGen      total 4096K, used 660K [0x00000000d5580000, 0x00000000d5b80000, 0x0000000100000000)
  eden space 2560K, 0% used [0x00000000d5580000,0x00000000d5580000,0x00000000d5800000)
  from space 1536K, 43% used [0x00000000d5880000,0x00000000d5925220,0x00000000d5a00000)
  to   space 1024K, 0% used [0x00000000d5a80000,0x00000000d5a80000,0x00000000d5b80000)
 ParOldGen       total 1344000K, used 533012K [0x0000000080000000, 0x00000000d2080000, 0x00000000d5580000)
  object space 1344000K, 39% used [0x0000000080000000,0x00000000a08850d0,0x00000000d2080000)
 Metaspace       used 90000K, committed 91840K, reserved 1179648K
  class space    used 9011K, committed 9920K, reserved 1048576K
}
Event: 7139.174 GC heap before
{Heap before GC invocations=2554 (full 5):
 PSYoungGen      total 4096K, used 3124K [0x00000000d5580000, 0x00000000d5b80000, 0x0000000100000000)
  eden space 2560K, 96% used [0x00000000d5580000,0x00000000d57e8020,0x00000000d5800000)
  from space 1536K, 43% used [0x00000000d5880000,0x00000000d5925220,0x00000000d5a00000)
  to   space 1024K, 0% used [0x00000000d5a80000,0x00000000d5a80000,0x00000000d5b80000)
 ParOldGen       total 1344000K, used 533012K [0x0000000080000000, 0x00000000d2080000, 0x00000000d5580000)
  object space 1344000K, 39% used [0x0000000080000000,0x00000000a08850d0,0x00000000d2080000)
 Metaspace       used 90000K, committed 91840K, reserved 1179648K
  class space    used 9011K, committed 9920K, reserved 1048576K
}
Event: 7139.179 GC heap after
{Heap after GC invocations=2554 (full 5):
 PSYoungGen      total 3072K, used 1017K [0x00000000d5580000, 0x00000000d5e00000, 0x0000000100000000)
  eden space 2048K, 0% used [0x00000000d5580000,0x00000000d5580000,0x00000000d5780000)
  from space 1024K, 99% used [0x00000000d5a80000,0x00000000d5b7e428,0x00000000d5b80000)
  to   space 3072K, 0% used [0x00000000d5780000,0x00000000d5780000,0x00000000d5a80000)
 ParOldGen       total 1344000K, used 534626K [0x0000000080000000, 0x00000000d2080000, 0x00000000d5580000)
  object space 1344000K, 39% used [0x0000000080000000,0x00000000a0a18be8,0x00000000d2080000)
 Metaspace       used 90000K, committed 91840K, reserved 1179648K
  class space    used 9011K, committed 9920K, reserved 1048576K
}
Event: 7139.265 GC heap before
{Heap before GC invocations=2555 (full 5):
 PSYoungGen      total 3072K, used 3065K [0x00000000d5580000, 0x00000000d5e00000, 0x0000000100000000)
  eden space 2048K, 100% used [0x00000000d5580000,0x00000000d5780000,0x00000000d5780000)
  from space 1024K, 99% used [0x00000000d5a80000,0x00000000d5b7e428,0x00000000d5b80000)
  to   space 3072K, 0% used [0x00000000d5780000,0x00000000d5780000,0x00000000d5a80000)
 ParOldGen       total 1344000K, used 534626K [0x0000000080000000, 0x00000000d2080000, 0x00000000d5580000)
  object space 1344000K, 39% used [0x0000000080000000,0x00000000a0a18be8,0x00000000d2080000)
 Metaspace       used 90000K, committed 91840K, reserved 1179648K
  class space    used 9011K, committed 9920K, reserved 1048576K
}
Event: 7139.270 GC heap after
{Heap after GC invocations=2555 (full 5):
 PSYoungGen      total 4096K, used 1917K [0x00000000d5580000, 0x00000000d5c80000, 0x0000000100000000)
  eden space 2048K, 0% used [0x00000000d5580000,0x00000000d5580000,0x00000000d5780000)
  from space 2048K, 93% used [0x00000000d5780000,0x00000000d595f7f0,0x00000000d5980000)
  to   space 2560K, 0% used [0x00000000d5a00000,0x00000000d5a00000,0x00000000d5c80000)
 ParOldGen       total 1344000K, used 535644K [0x0000000080000000, 0x00000000d2080000, 0x00000000d5580000)
  object space 1344000K, 39% used [0x0000000080000000,0x00000000a0b17198,0x00000000d2080000)
 Metaspace       used 90000K, committed 91840K, reserved 1179648K
  class space    used 9011K, committed 9920K, reserved 1048576K
}
Event: 7139.367 GC heap before
{Heap before GC invocations=2556 (full 5):
 PSYoungGen      total 4096K, used 3965K [0x00000000d5580000, 0x00000000d5c80000, 0x0000000100000000)
  eden space 2048K, 100% used [0x00000000d5580000,0x00000000d5780000,0x00000000d5780000)
  from space 2048K, 93% used [0x00000000d5780000,0x00000000d595f7f0,0x00000000d5980000)
  to   space 2560K, 0% used [0x00000000d5a00000,0x00000000d5a00000,0x00000000d5c80000)
 ParOldGen       total 1344000K, used 535644K [0x0000000080000000, 0x00000000d2080000, 0x00000000d5580000)
  object space 1344000K, 39% used [0x0000000080000000,0x00000000a0b17198,0x00000000d2080000)
 Metaspace       used 90000K, committed 91840K, reserved 1179648K
  class space    used 9011K, committed 9920K, reserved 1048576K
}
Event: 7139.376 GC heap after
{Heap after GC invocations=2556 (full 5):
 PSYoungGen      total 4096K, used 1857K [0x00000000d5580000, 0x00000000d5c00000, 0x0000000100000000)
  eden space 2048K, 0% used [0x00000000d5580000,0x00000000d5580000,0x00000000d5780000)
  from space 2048K, 90% used [0x00000000d5a00000,0x00000000d5bd0698,0x00000000d5c00000)
  to   space 2048K, 0% used [0x00000000d5780000,0x00000000d5780000,0x00000000d5980000)
 ParOldGen       total 1344000K, used 537501K [0x0000000080000000, 0x00000000d2080000, 0x00000000d5580000)
  object space 1344000K, 39% used [0x0000000080000000,0x00000000a0ce7798,0x00000000d2080000)
 Metaspace       used 90000K, committed 91840K, reserved 1179648K
  class space    used 9011K, committed 9920K, reserved 1048576K
}
Event: 7139.577 GC heap before
{Heap before GC invocations=2557 (full 5):
 PSYoungGen      total 4096K, used 3905K [0x00000000d5580000, 0x00000000d5c00000, 0x0000000100000000)
  eden space 2048K, 100% used [0x00000000d5580000,0x00000000d5780000,0x00000000d5780000)
  from space 2048K, 90% used [0x00000000d5a00000,0x00000000d5bd0698,0x00000000d5c00000)
  to   space 2048K, 0% used [0x00000000d5780000,0x00000000d5780000,0x00000000d5980000)
 ParOldGen       total 1344000K, used 537501K [0x0000000080000000, 0x00000000d2080000, 0x00000000d5580000)
  object space 1344000K, 39% used [0x0000000080000000,0x00000000a0ce7798,0x00000000d2080000)
 Metaspace       used 90002K, committed 91840K, reserved 1179648K
  class space    used 9011K, committed 9920K, reserved 1048576K
}
Event: 7139.584 GC heap after
{Heap after GC invocations=2557 (full 5):
 PSYoungGen      total 3584K, used 1257K [0x00000000d5580000, 0x00000000d5a80000, 0x0000000100000000)
  eden space 2048K, 0% used [0x00000000d5580000,0x00000000d5580000,0x00000000d5780000)
  from space 1536K, 81% used [0x00000000d5780000,0x00000000d58ba688,0x00000000d5900000)
  to   space 1536K, 0% used [0x00000000d5900000,0x00000000d5900000,0x00000000d5a80000)
 ParOldGen       total 1344000K, used 539287K [0x0000000080000000, 0x00000000d2080000, 0x00000000d5580000)
  object space 1344000K, 40% used [0x0000000080000000,0x00000000a0ea5c50,0x00000000d2080000)
 Metaspace       used 90002K, committed 91840K, reserved 1179648K
  class space    used 9011K, committed 9920K, reserved 1048576K
}
Event: 7139.633 GC heap before
{Heap before GC invocations=2558 (full 5):
 PSYoungGen      total 3584K, used 3305K [0x00000000d5580000, 0x00000000d5a80000, 0x0000000100000000)
  eden space 2048K, 100% used [0x00000000d5580000,0x00000000d5780000,0x00000000d5780000)
  from space 1536K, 81% used [0x00000000d5780000,0x00000000d58ba688,0x00000000d5900000)
  to   space 1536K, 0% used [0x00000000d5900000,0x00000000d5900000,0x00000000d5a80000)
 ParOldGen       total 1344000K, used 539287K [0x0000000080000000, 0x00000000d2080000, 0x00000000d5580000)
  object space 1344000K, 40% used [0x0000000080000000,0x00000000a0ea5c50,0x00000000d2080000)
 Metaspace       used 90002K, committed 91840K, reserved 1179648K
  class space    used 9011K, committed 9920K, reserved 1048576K
}
Event: 7139.642 GC heap after
{Heap after GC invocations=2558 (full 5):
 PSYoungGen      total 2560K, used 352K [0x00000000d5580000, 0x00000000d5980000, 0x0000000100000000)
  eden space 2048K, 0% used [0x00000000d5580000,0x00000000d5580000,0x00000000d5780000)
  from space 512K, 68% used [0x00000000d5900000,0x00000000d5958000,0x00000000d5980000)
  to   space 1024K, 0% used [0x00000000d5780000,0x00000000d5780000,0x00000000d5880000)
 ParOldGen       total 1344000K, used 540456K [0x0000000080000000, 0x00000000d2080000, 0x00000000d5580000)
  object space 1344000K, 40% used [0x0000000080000000,0x00000000a0fca130,0x00000000d2080000)
 Metaspace       used 90002K, committed 91840K, reserved 1179648K
  class space    used 9011K, committed 9920K, reserved 1048576K
}
Event: 7139.688 GC heap before
{Heap before GC invocations=2559 (full 5):
 PSYoungGen      total 2560K, used 2400K [0x00000000d5580000, 0x00000000d5980000, 0x0000000100000000)
  eden space 2048K, 100% used [0x00000000d5580000,0x00000000d5780000,0x00000000d5780000)
  from space 512K, 68% used [0x00000000d5900000,0x00000000d5958000,0x00000000d5980000)
  to   space 1024K, 0% used [0x00000000d5780000,0x00000000d5780000,0x00000000d5880000)
 ParOldGen       total 1344000K, used 540456K [0x0000000080000000, 0x00000000d2080000, 0x00000000d5580000)
  object space 1344000K, 40% used [0x0000000080000000,0x00000000a0fca130,0x00000000d2080000)
 Metaspace       used 90002K, committed 91840K, reserved 1179648K
  class space    used 9011K, committed 9920K, reserved 1048576K
}
Event: 7139.694 GC heap after
{Heap after GC invocations=2559 (full 5):
 PSYoungGen      total 3072K, used 352K [0x00000000d5580000, 0x00000000d5980000, 0x0000000100000000)
  eden space 2048K, 0% used [0x00000000d5580000,0x00000000d5580000,0x00000000d5780000)
  from space 1024K, 34% used [0x00000000d5780000,0x00000000d57d8000,0x00000000d5880000)
  to   space 512K, 0% used [0x00000000d5900000,0x00000000d5900000,0x00000000d5980000)
 ParOldGen       total 1344000K, used 540728K [0x0000000080000000, 0x00000000d2080000, 0x00000000d5580000)
  object space 1344000K, 40% used [0x0000000080000000,0x00000000a100e130,0x00000000d2080000)
 Metaspace       used 90002K, committed 91840K, reserved 1179648K
  class space    used 9011K, committed 9920K, reserved 1048576K
}
Event: 7139.944 GC heap before
{Heap before GC invocations=2560 (full 5):
 PSYoungGen      total 3072K, used 2400K [0x00000000d5580000, 0x00000000d5980000, 0x0000000100000000)
  eden space 2048K, 100% used [0x00000000d5580000,0x00000000d5780000,0x00000000d5780000)
  from space 1024K, 34% used [0x00000000d5780000,0x00000000d57d8000,0x00000000d5880000)
  to   space 512K, 0% used [0x00000000d5900000,0x00000000d5900000,0x00000000d5980000)
 ParOldGen       total 1344000K, used 540728K [0x0000000080000000, 0x00000000d2080000, 0x00000000d5580000)
  object space 1344000K, 40% used [0x0000000080000000,0x00000000a100e130,0x00000000d2080000)
 Metaspace       used 90002K, committed 91840K, reserved 1179648K
  class space    used 9011K, committed 9920K, reserved 1048576K
}
Event: 7139.947 GC heap after
{Heap after GC invocations=2560 (full 5):
 PSYoungGen      total 2560K, used 416K [0x00000000d5580000, 0x00000000d5980000, 0x0000000100000000)
  eden space 2048K, 0% used [0x00000000d5580000,0x00000000d5580000,0x00000000d5780000)
  from space 512K, 81% used [0x00000000d5900000,0x00000000d5968000,0x00000000d5980000)
  to   space 512K, 0% used [0x00000000d5880000,0x00000000d5880000,0x00000000d5900000)
 ParOldGen       total 1344000K, used 540992K [0x0000000080000000, 0x00000000d2080000, 0x00000000d5580000)
  object space 1344000K, 40% used [0x0000000080000000,0x00000000a1050130,0x00000000d2080000)
 Metaspace       used 90002K, committed 91840K, reserved 1179648K
  class space    used 9011K, committed 9920K, reserved 1048576K
}

