# JRE version: OpenJDK Runtime Environment Temurin-21.0.12.1+1 (21.0.12.1+1) (build 21.0.12.1+1-LTS)
# Java VM: OpenJDK 64-Bit Server VM Temurin-21.0.12.1+1 (21.0.12.1+1-LTS, mixed mode, sharing, tiered, compressed oops, compressed class ptrs, parallel gc, windows-amd64)
GC Precious Log:
 CardTable entry size: 512
 CPUs: 4 total, 4 available
 Memory: 3530M
 Large Page Support: Disabled
 NUMA Support: Disabled
 Compressed Oops: Enabled (32-bit)
 Alignments: Space 512K, Generation 512K, Heap 2M
 Heap Min Capacity: 100M
 Heap Initial Capacity: 100M
 Heap Max Capacity: 2G
 Pre-touch: Disabled
 Parallel Workers: 4
Heap:
 PSYoungGen      total 23040K, used 5417K [0x00000000d5580000, 0x00000000d7100000, 0x0000000100000000)
  eden space 22016K, 20% used [0x00000000d5580000,0x00000000d59d2548,0x00000000d6b00000)
  from space 1024K, 96% used [0x00000000d6e80000,0x00000000d6f781d0,0x00000000d6f80000)
  to   space 3072K, 0% used [0x00000000d6b00000,0x00000000d6b00000,0x00000000d6e00000)
 ParOldGen       total 68608K, used 21048K [0x0000000080000000, 0x0000000084300000, 0x00000000d5580000)
  object space 68608K, 30% used [0x0000000080000000,0x000000008148e220,0x0000000084300000)
 Metaspace       used 40278K, committed 41536K, reserved 1114112K
  class space    used 4225K, committed 4800K, reserved 1048576K
GC Heap History (20 events):
Event: 42.717 GC heap before
{Heap before GC invocations=9 (full 1):
 PSYoungGen      total 28672K, used 24576K [0x00000000d5580000, 0x00000000d7680000, 0x0000000100000000)
  eden space 24576K, 100% used [0x00000000d5580000,0x00000000d6d80000,0x00000000d6d80000)
  from space 4096K, 0% used [0x00000000d6e00000,0x00000000d6e00000,0x00000000d7200000)
  to   space 4608K, 0% used [0x00000000d7200000,0x00000000d7200000,0x00000000d7680000)
 ParOldGen       total 68608K, used 12960K [0x0000000080000000, 0x0000000084300000, 0x00000000d5580000)
  object space 68608K, 18% used [0x0000000080000000,0x0000000080ca8308,0x0000000084300000)
 Metaspace       used 22835K, committed 23872K, reserved 1114112K
  class space    used 2383K, committed 2816K, reserved 1048576K
}
Event: 42.721 GC heap after
{Heap after GC invocations=9 (full 1):
 PSYoungGen      total 26624K, used 2551K [0x00000000d5580000, 0x00000000d7480000, 0x0000000100000000)
  eden space 24064K, 0% used [0x00000000d5580000,0x00000000d5580000,0x00000000d6d00000)
  from space 2560K, 99% used [0x00000000d7200000,0x00000000d747dca8,0x00000000d7480000)
  to   space 3584K, 0% used [0x00000000d6d80000,0x00000000d6d80000,0x00000000d7100000)
 ParOldGen       total 68608K, used 12968K [0x0000000080000000, 0x0000000084300000, 0x00000000d5580000)
  object space 68608K, 18% used [0x0000000080000000,0x0000000080caa308,0x0000000084300000)
 Metaspace       used 22835K, committed 23872K, reserved 1114112K
  class space    used 2383K, committed 2816K, reserved 1048576K
}
Event: 44.495 GC heap before
{Heap before GC invocations=10 (full 1):
 PSYoungGen      total 26624K, used 26615K [0x00000000d5580000, 0x00000000d7480000, 0x0000000100000000)
  eden space 24064K, 100% used [0x00000000d5580000,0x00000000d6d00000,0x00000000d6d00000)
  from space 2560K, 99% used [0x00000000d7200000,0x00000000d747dca8,0x00000000d7480000)
  to   space 3584K, 0% used [0x00000000d6d80000,0x00000000d6d80000,0x00000000d7100000)
 ParOldGen       total 68608K, used 12973K [0x0000000080000000, 0x0000000084300000, 0x00000000d5580000)
  object space 68608K, 18% used [0x0000000080000000,0x0000000080cab770,0x0000000084300000)
 Metaspace       used 26232K, committed 27200K, reserved 1114112K
  class space    used 2642K, committed 3072K, reserved 1048576K
}
Event: 44.498 GC heap after
{Heap after GC invocations=10 (full 1):
 PSYoungGen      total 25600K, used 1451K [0x00000000d5580000, 0x00000000d7280000, 0x0000000100000000)
  eden space 24064K, 0% used [0x00000000d5580000,0x00000000d5580000,0x00000000d6d00000)
  from space 1536K, 94% used [0x00000000d6d80000,0x00000000d6eead48,0x00000000d6f00000)
  to   space 2048K, 0% used [0x00000000d7080000,0x00000000d7080000,0x00000000d7280000)
 ParOldGen       total 68608K, used 12981K [0x0000000080000000, 0x0000000084300000, 0x00000000d5580000)
  object space 68608K, 18% used [0x0000000080000000,0x0000000080cad770,0x0000000084300000)
 Metaspace       used 26232K, committed 27200K, reserved 1114112K
  class space    used 2642K, committed 3072K, reserved 1048576K
}
Event: 46.404 GC heap before
{Heap before GC invocations=11 (full 1):
 PSYoungGen      total 25600K, used 25515K [0x00000000d5580000, 0x00000000d7280000, 0x0000000100000000)
  eden space 24064K, 100% used [0x00000000d5580000,0x00000000d6d00000,0x00000000d6d00000)
  from space 1536K, 94% used [0x00000000d6d80000,0x00000000d6eead48,0x00000000d6f00000)
  to   space 2048K, 0% used [0x00000000d7080000,0x00000000d7080000,0x00000000d7280000)
 ParOldGen       total 68608K, used 13003K [0x0000000080000000, 0x0000000084300000, 0x00000000d5580000)
  object space 68608K, 18% used [0x0000000080000000,0x0000000080cb2e30,0x0000000084300000)
 Metaspace       used 29317K, committed 30272K, reserved 1114112K
  class space    used 2975K, committed 3392K, reserved 1048576K
}
Event: 46.409 GC heap after
{Heap after GC invocations=11 (full 1):
 PSYoungGen      total 25088K, used 1531K [0x00000000d5580000, 0x00000000d7200000, 0x0000000100000000)
  eden space 23552K, 0% used [0x00000000d5580000,0x00000000d5580000,0x00000000d6c80000)
  from space 1536K, 99% used [0x00000000d7080000,0x00000000d71feda0,0x00000000d7200000)
  to   space 2048K, 0% used [0x00000000d6e00000,0x00000000d6e00000,0x00000000d7000000)
 ParOldGen       total 68608K, used 14869K [0x0000000080000000, 0x0000000084300000, 0x00000000d5580000)
  object space 68608K, 21% used [0x0000000080000000,0x0000000080e855d0,0x0000000084300000)
 Metaspace       used 29317K, committed 30272K, reserved 1114112K
  class space    used 2975K, committed 3392K, reserved 1048576K
}
Event: 47.259 GC heap before
{Heap before GC invocations=12 (full 1):
 PSYoungGen      total 25088K, used 25083K [0x00000000d5580000, 0x00000000d7200000, 0x0000000100000000)
  eden space 23552K, 100% used [0x00000000d5580000,0x00000000d6c80000,0x00000000d6c80000)
  from space 1536K, 99% used [0x00000000d7080000,0x00000000d71feda0,0x00000000d7200000)
  to   space 2048K, 0% used [0x00000000d6e00000,0x00000000d6e00000,0x00000000d7000000)
 ParOldGen       total 68608K, used 14869K [0x0000000080000000, 0x0000000084300000, 0x00000000d5580000)
  object space 68608K, 21% used [0x0000000080000000,0x0000000080e855d0,0x0000000084300000)
 Metaspace       used 30607K, committed 31616K, reserved 1114112K
  class space    used 3128K, committed 3520K, reserved 1048576K
}
Event: 47.263 GC heap after
{Heap after GC invocations=12 (full 1):
 PSYoungGen      total 25088K, used 640K [0x00000000d5580000, 0x00000000d7100000, 0x0000000100000000)
  eden space 23040K, 0% used [0x00000000d5580000,0x00000000d5580000,0x00000000d6c00000)
  from space 2048K, 31% used [0x00000000d6e00000,0x00000000d6ea0020,0x00000000d7000000)
  to   space 1024K, 0% used [0x00000000d7000000,0x00000000d7000000,0x00000000d7100000)
 ParOldGen       total 68608K, used 16224K [0x0000000080000000, 0x0000000084300000, 0x00000000d5580000)
  object space 68608K, 23% used [0x0000000080000000,0x0000000080fd82c0,0x0000000084300000)
 Metaspace       used 30607K, committed 31616K, reserved 1114112K
  class space    used 3128K, committed 3520K, reserved 1048576K
}
Event: 48.069 GC heap before
{Heap before GC invocations=13 (full 1):
 PSYoungGen      total 25088K, used 23680K [0x00000000d5580000, 0x00000000d7100000, 0x0000000100000000)
  eden space 23040K, 100% used [0x00000000d5580000,0x00000000d6c00000,0x00000000d6c00000)
  from space 2048K, 31% used [0x00000000d6e00000,0x00000000d6ea0020,0x00000000d7000000)
  to   space 1024K, 0% used [0x00000000d7000000,0x00000000d7000000,0x00000000d7100000)
 ParOldGen       total 68608K, used 16224K [0x0000000080000000, 0x0000000084300000, 0x00000000d5580000)
  object space 68608K, 23% used [0x0000000080000000,0x0000000080fd82c0,0x0000000084300000)
 Metaspace       used 32726K, committed 33792K, reserved 1114112K
  class space    used 3363K, committed 3840K, reserved 1048576K
}
Event: 48.072 GC heap after
{Heap after GC invocations=13 (full 1):
 PSYoungGen      total 23552K, used 1000K [0x00000000d5580000, 0x00000000d7100000, 0x0000000100000000)
  eden space 22528K, 0% used [0x00000000d5580000,0x00000000d5580000,0x00000000d6b80000)
  from space 1024K, 97% used [0x00000000d7000000,0x00000000d70fa3e0,0x00000000d7100000)
  to   space 2560K, 0% used [0x00000000d6c00000,0x00000000d6c00000,0x00000000d6e80000)
 ParOldGen       total 68608K, used 17076K [0x0000000080000000, 0x0000000084300000, 0x00000000d5580000)
  object space 68608K, 24% used [0x0000000080000000,0x00000000810ad250,0x0000000084300000)
 Metaspace       used 32726K, committed 33792K, reserved 1114112K
  class space    used 3363K, committed 3840K, reserved 1048576K
}
Event: 48.915 GC heap before
{Heap before GC invocations=14 (full 1):
 PSYoungGen      total 23552K, used 18164K [0x00000000d5580000, 0x00000000d7100000, 0x0000000100000000)
  eden space 22528K, 76% used [0x00000000d5580000,0x00000000d6642f98,0x00000000d6b80000)
  from space 1024K, 97% used [0x00000000d7000000,0x00000000d70fa3e0,0x00000000d7100000)
  to   space 2560K, 0% used [0x00000000d6c00000,0x00000000d6c00000,0x00000000d6e80000)
 ParOldGen       total 68608K, used 17076K [0x0000000080000000, 0x0000000084300000, 0x00000000d5580000)
  object space 68608K, 24% used [0x0000000080000000,0x00000000810ad250,0x0000000084300000)
 Metaspace       used 34766K, committed 35904K, reserved 1114112K
  class space    used 3591K, committed 4096K, reserved 1048576K
}
Event: 48.920 GC heap after
{Heap after GC invocations=14 (full 1):
 PSYoungGen      total 25088K, used 1024K [0x00000000d5580000, 0x00000000d7080000, 0x0000000100000000)
  eden space 22528K, 0% used [0x00000000d5580000,0x00000000d5580000,0x00000000d6b80000)
  from space 2560K, 40% used [0x00000000d6c00000,0x00000000d6d00000,0x00000000d6e80000)
  to   space 1536K, 0% used [0x00000000d6f00000,0x00000000d6f00000,0x00000000d7080000)
 ParOldGen       total 68608K, used 18018K [0x0000000080000000, 0x0000000084300000, 0x00000000d5580000)
  object space 68608K, 26% used [0x0000000080000000,0x0000000081198ba8,0x0000000084300000)
 Metaspace       used 34766K, committed 35904K, reserved 1114112K
  class space    used 3591K, committed 4096K, reserved 1048576K
}
Event: 49.062 GC heap before
{Heap before GC invocations=15 (full 1):
 PSYoungGen      total 25088K, used 4953K [0x00000000d5580000, 0x00000000d7080000, 0x0000000100000000)
  eden space 22528K, 17% used [0x00000000d5580000,0x00000000d5956540,0x00000000d6b80000)
  from space 2560K, 40% used [0x00000000d6c00000,0x00000000d6d00000,0x00000000d6e80000)
  to   space 1536K, 0% used [0x00000000d6f00000,0x00000000d6f00000,0x00000000d7080000)
 ParOldGen       total 68608K, used 18018K [0x0000000080000000, 0x0000000084300000, 0x00000000d5580000)
  object space 68608K, 26% used [0x0000000080000000,0x0000000081198ba8,0x0000000084300000)
 Metaspace       used 35092K, committed 36160K, reserved 1114112K
  class space    used 3635K, committed 4096K, reserved 1048576K
}
Event: 49.064 GC heap after
{Heap after GC invocations=15 (full 1):
 PSYoungGen      total 23040K, used 401K [0x00000000d5580000, 0x00000000d6f80000, 0x0000000100000000)
  eden space 22528K, 0% used [0x00000000d5580000,0x00000000d5580000,0x00000000d6b80000)
  from space 512K, 78% used [0x00000000d6f00000,0x00000000d6f64748,0x00000000d6f80000)
  to   space 1024K, 0% used [0x00000000d6d80000,0x00000000d6d80000,0x00000000d6e80000)
 ParOldGen       total 68608K, used 18887K [0x0000000080000000, 0x0000000084300000, 0x00000000d5580000)
  object space 68608K, 27% used [0x0000000080000000,0x0000000081271e78,0x0000000084300000)
 Metaspace       used 35092K, committed 36160K, reserved 1114112K
  class space    used 3635K, committed 4096K, reserved 1048576K
}
Event: 49.064 GC heap before
{Heap before GC invocations=16 (full 2):
 PSYoungGen      total 23040K, used 401K [0x00000000d5580000, 0x00000000d6f80000, 0x0000000100000000)
  eden space 22528K, 0% used [0x00000000d5580000,0x00000000d5580000,0x00000000d6b80000)
  from space 512K, 78% used [0x00000000d6f00000,0x00000000d6f64748,0x00000000d6f80000)
  to   space 1024K, 0% used [0x00000000d6d80000,0x00000000d6d80000,0x00000000d6e80000)
 ParOldGen       total 68608K, used 18887K [0x0000000080000000, 0x0000000084300000, 0x00000000d5580000)
  object space 68608K, 27% used [0x0000000080000000,0x0000000081271e78,0x0000000084300000)
 Metaspace       used 35092K, committed 36160K, reserved 1114112K
  class space    used 3635K, committed 4096K, reserved 1048576K
}
Event: 49.155 GC heap after
{Heap after GC invocations=16 (full 2):
 PSYoungGen      total 23040K, used 0K [0x00000000d5580000, 0x00000000d6f80000, 0x0000000100000000)
  eden space 22528K, 0% used [0x00000000d5580000,0x00000000d5580000,0x00000000d6b80000)
  from space 512K, 0% used [0x00000000d6f00000,0x00000000d6f00000,0x00000000d6f80000)
  to   space 1024K, 0% used [0x00000000d6d80000,0x00000000d6d80000,0x00000000d6e80000)
 ParOldGen       total 68608K, used 18708K [0x0000000080000000, 0x0000000084300000, 0x00000000d5580000)
  object space 68608K, 27% used [0x0000000080000000,0x0000000081245360,0x0000000084300000)
 Metaspace       used 35092K, committed 36160K, reserved 1114112K
  class space    used 3635K, committed 4096K, reserved 1048576K
}
Event: 52.790 GC heap before
{Heap before GC invocations=17 (full 2):
 PSYoungGen      total 23040K, used 22528K [0x00000000d5580000, 0x00000000d6f80000, 0x0000000100000000)
  eden space 22528K, 100% used [0x00000000d5580000,0x00000000d6b80000,0x00000000d6b80000)
  from space 512K, 0% used [0x00000000d6f00000,0x00000000d6f00000,0x00000000d6f80000)
  to   space 1024K, 0% used [0x00000000d6d80000,0x00000000d6d80000,0x00000000d6e80000)
 ParOldGen       total 68608K, used 18708K [0x0000000080000000, 0x0000000084300000, 0x00000000d5580000)
  object space 68608K, 27% used [0x0000000080000000,0x0000000081245360,0x0000000084300000)
 Metaspace       used 37457K, committed 38720K, reserved 1114112K
  class space    used 3911K, committed 4480K, reserved 1048576K
}
Event: 52.803 GC heap after
{Heap after GC invocations=17 (full 2):
 PSYoungGen      total 23040K, used 998K [0x00000000d5580000, 0x00000000d6f80000, 0x0000000100000000)
  eden space 22016K, 0% used [0x00000000d5580000,0x00000000d5580000,0x00000000d6b00000)
  from space 1024K, 97% used [0x00000000d6d80000,0x00000000d6e79a68,0x00000000d6e80000)
  to   space 1024K, 0% used [0x00000000d6e80000,0x00000000d6e80000,0x00000000d6f80000)
 ParOldGen       total 68608K, used 19245K [0x0000000080000000, 0x0000000084300000, 0x00000000d5580000)
  object space 68608K, 28% used [0x0000000080000000,0x00000000812cb6e8,0x0000000084300000)
 Metaspace       used 37457K, committed 38720K, reserved 1114112K
  class space    used 3911K, committed 4480K, reserved 1048576K
}
Event: 53.246 GC heap before
{Heap before GC invocations=18 (full 2):
 PSYoungGen      total 23040K, used 23008K [0x00000000d5580000, 0x00000000d6f80000, 0x0000000100000000)
  eden space 22016K, 99% used [0x00000000d5580000,0x00000000d6afe8f8,0x00000000d6b00000)
  from space 1024K, 97% used [0x00000000d6d80000,0x00000000d6e79a68,0x00000000d6e80000)
  to   space 1024K, 0% used [0x00000000d6e80000,0x00000000d6e80000,0x00000000d6f80000)
 ParOldGen       total 68608K, used 19245K [0x0000000080000000, 0x0000000084300000, 0x00000000d5580000)
  object space 68608K, 28% used [0x0000000080000000,0x00000000812cb6e8,0x0000000084300000)
 Metaspace       used 39694K, committed 40896K, reserved 1114112K
  class space    used 4182K, committed 4736K, reserved 1048576K
}
Event: 53.254 GC heap after
{Heap after GC invocations=18 (full 2):
 PSYoungGen      total 23040K, used 992K [0x00000000d5580000, 0x00000000d7100000, 0x0000000100000000)
  eden space 22016K, 0% used [0x00000000d5580000,0x00000000d5580000,0x00000000d6b00000)
  from space 1024K, 96% used [0x00000000d6e80000,0x00000000d6f781d0,0x00000000d6f80000)
  to   space 3072K, 0% used [0x00000000d6b00000,0x00000000d6b00000,0x00000000d6e00000)
 ParOldGen       total 68608K, used 21048K [0x0000000080000000, 0x0000000084300000, 0x00000000d5580000)
  object space 68608K, 30% used [0x0000000080000000,0x000000008148e220,0x0000000084300000)
 Metaspace       used 39694K, committed 40896K, reserved 1114112K
  class space    used 4182K, committed 4736K, reserved 1048576K
}

