# JRE version: OpenJDK Runtime Environment Temurin-21.0.12.1+1 (21.0.12.1+1) (build 21.0.12.1+1-LTS)
# Java VM: OpenJDK 64-Bit Server VM Temurin-21.0.12.1+1 (21.0.12.1+1-LTS, mixed mode, sharing, tiered, compressed oops, compressed class ptrs, parallel gc, windows-amd64)
GC Precious Log:
 CardTable entry size: 512
 CPUs: 4 total, 4 available
 Memory: 3530M
 Large Page Support: Disabled
 NUMA Support: Disabled
 Compressed Oops: Enabled (32-bit)
 Alignments: Space 512K, Generation 512K, Heap 2M
 Heap Min Capacity: 100M
 Heap Initial Capacity: 100M
 Heap Max Capacity: 2G
 Pre-touch: Disabled
 Parallel Workers: 4
Heap:
 PSYoungGen      total 2560K, used 1191K [0x00000000d5580000, 0x00000000d5900000, 0x0000000100000000)
  eden space 1536K, 38% used [0x00000000d5580000,0x00000000d5614b80,0x00000000d5700000)
  from space 1024K, 58% used [0x00000000d5800000,0x00000000d5895260,0x00000000d5900000)
  to   space 1024K, 0% used [0x00000000d5700000,0x00000000d5700000,0x00000000d5800000)
 ParOldGen       total 576000K, used 575931K [0x0000000080000000, 0x00000000a3280000, 0x00000000d5580000)
  object space 576000K, 99% used [0x0000000080000000,0x00000000a326ee20,0x00000000a3280000)
 Metaspace       used 81471K, committed 83072K, reserved 1179648K
  class space    used 8522K, committed 9216K, reserved 1048576K
GC Heap History (20 events):
Event: 205.845 GC heap before
{Heap before GC invocations=958 (full 3):
 PSYoungGen      total 2048K, used 1920K [0x00000000d5580000, 0x00000000d5880000, 0x0000000100000000)
  eden space 1536K, 100% used [0x00000000d5580000,0x00000000d5700000,0x00000000d5700000)
  from space 512K, 75% used [0x00000000d5800000,0x00000000d5860000,0x00000000d5880000)
  to   space 512K, 0% used [0x00000000d5700000,0x00000000d5700000,0x00000000d5780000)
 ParOldGen       total 573952K, used 573502K [0x0000000080000000, 0x00000000a3080000, 0x00000000d5580000)
  object space 573952K, 99% used [0x0000000080000000,0x00000000a300fb88,0x00000000a3080000)
 Metaspace       used 81432K, committed 83072K, reserved 1179648K
  class space    used 8516K, committed 9216K, reserved 1048576K
}
Event: 205.848 GC heap after
{Heap after GC invocations=958 (full 3):
 PSYoungGen      total 2048K, used 256K [0x00000000d5580000, 0x00000000d5880000, 0x0000000100000000)
  eden space 1536K, 0% used [0x00000000d5580000,0x00000000d5580000,0x00000000d5700000)
  from space 512K, 50% used [0x00000000d5700000,0x00000000d5740000,0x00000000d5780000)
  to   space 512K, 0% used [0x00000000d5800000,0x00000000d5800000,0x00000000d5880000)
 ParOldGen       total 573952K, used 573822K [0x0000000080000000, 0x00000000a3080000, 0x00000000d5580000)
  object space 573952K, 99% used [0x0000000080000000,0x00000000a305fb88,0x00000000a3080000)
 Metaspace       used 81432K, committed 83072K, reserved 1179648K
  class space    used 8516K, committed 9216K, reserved 1048576K
}
Event: 205.972 GC heap before
{Heap before GC invocations=959 (full 3):
 PSYoungGen      total 2048K, used 1792K [0x00000000d5580000, 0x00000000d5880000, 0x0000000100000000)
  eden space 1536K, 100% used [0x00000000d5580000,0x00000000d5700000,0x00000000d5700000)
  from space 512K, 50% used [0x00000000d5700000,0x00000000d5740000,0x00000000d5780000)
  to   space 512K, 0% used [0x00000000d5800000,0x00000000d5800000,0x00000000d5880000)
 ParOldGen       total 573952K, used 573822K [0x0000000080000000, 0x00000000a3080000, 0x00000000d5580000)
  object space 573952K, 99% used [0x0000000080000000,0x00000000a305fb88,0x00000000a3080000)
 Metaspace       used 81432K, committed 83072K, reserved 1179648K
  class space    used 8516K, committed 9216K, reserved 1048576K
}
Event: 205.975 GC heap after
{Heap after GC invocations=959 (full 3):
 PSYoungGen      total 2048K, used 256K [0x00000000d5580000, 0x00000000d5880000, 0x0000000100000000)
  eden space 1536K, 0% used [0x00000000d5580000,0x00000000d5580000,0x00000000d5700000)
  from space 512K, 50% used [0x00000000d5800000,0x00000000d5840000,0x00000000d5880000)
  to   space 512K, 0% used [0x00000000d5700000,0x00000000d5700000,0x00000000d5780000)
 ParOldGen       total 574464K, used 574019K [0x0000000080000000, 0x00000000a3100000, 0x00000000d5580000)
  object space 574464K, 99% used [0x0000000080000000,0x00000000a3090e28,0x00000000a3100000)
 Metaspace       used 81432K, committed 83072K, reserved 1179648K
  class space    used 8516K, committed 9216K, reserved 1048576K
}
Event: 206.492 GC heap before
{Heap before GC invocations=960 (full 3):
 PSYoungGen      total 2048K, used 1792K [0x00000000d5580000, 0x00000000d5880000, 0x0000000100000000)
  eden space 1536K, 100% used [0x00000000d5580000,0x00000000d5700000,0x00000000d5700000)
  from space 512K, 50% used [0x00000000d5800000,0x00000000d5840000,0x00000000d5880000)
  to   space 512K, 0% used [0x00000000d5700000,0x00000000d5700000,0x00000000d5780000)
 ParOldGen       total 574464K, used 574019K [0x0000000080000000, 0x00000000a3100000, 0x00000000d5580000)
  object space 574464K, 99% used [0x0000000080000000,0x00000000a3090e28,0x00000000a3100000)
 Metaspace       used 81435K, committed 83072K, reserved 1179648K
  class space    used 8516K, committed 9216K, reserved 1048576K
}
Event: 206.498 GC heap after
{Heap after GC invocations=960 (full 3):
 PSYoungGen      total 2048K, used 256K [0x00000000d5580000, 0x00000000d5880000, 0x0000000100000000)
  eden space 1536K, 0% used [0x00000000d5580000,0x00000000d5580000,0x00000000d5700000)
  from space 512K, 50% used [0x00000000d5700000,0x00000000d5740000,0x00000000d5780000)
  to   space 512K, 0% used [0x00000000d5800000,0x00000000d5800000,0x00000000d5880000)
 ParOldGen       total 574464K, used 574211K [0x0000000080000000, 0x00000000a3100000, 0x00000000d5580000)
  object space 574464K, 99% used [0x0000000080000000,0x00000000a30c0e28,0x00000000a3100000)
 Metaspace       used 81435K, committed 83072K, reserved 1179648K
  class space    used 8516K, committed 9216K, reserved 1048576K
}
Event: 206.764 GC heap before
{Heap before GC invocations=961 (full 3):
 PSYoungGen      total 2048K, used 1774K [0x00000000d5580000, 0x00000000d5880000, 0x0000000100000000)
  eden space 1536K, 98% used [0x00000000d5580000,0x00000000d56fb8f8,0x00000000d5700000)
  from space 512K, 50% used [0x00000000d5700000,0x00000000d5740000,0x00000000d5780000)
  to   space 512K, 0% used [0x00000000d5800000,0x00000000d5800000,0x00000000d5880000)
 ParOldGen       total 574464K, used 574211K [0x0000000080000000, 0x00000000a3100000, 0x00000000d5580000)
  object space 574464K, 99% used [0x0000000080000000,0x00000000a30c0e28,0x00000000a3100000)
 Metaspace       used 81439K, committed 83072K, reserved 1179648K
  class space    used 8518K, committed 9216K, reserved 1048576K
}
Event: 206.768 GC heap after
{Heap after GC invocations=961 (full 3):
 PSYoungGen      total 2048K, used 427K [0x00000000d5580000, 0x00000000d5880000, 0x0000000100000000)
  eden space 1536K, 0% used [0x00000000d5580000,0x00000000d5580000,0x00000000d5700000)
  from space 512K, 83% used [0x00000000d5800000,0x00000000d586aee8,0x00000000d5880000)
  to   space 512K, 0% used [0x00000000d5700000,0x00000000d5700000,0x00000000d5780000)
 ParOldGen       total 574464K, used 574379K [0x0000000080000000, 0x00000000a3100000, 0x00000000d5580000)
  object space 574464K, 99% used [0x0000000080000000,0x00000000a30eae28,0x00000000a3100000)
 Metaspace       used 81439K, committed 83072K, reserved 1179648K
  class space    used 8518K, committed 9216K, reserved 1048576K
}
Event: 207.899 GC heap before
{Heap before GC invocations=962 (full 3):
 PSYoungGen      total 2048K, used 1963K [0x00000000d5580000, 0x00000000d5880000, 0x0000000100000000)
  eden space 1536K, 100% used [0x00000000d5580000,0x00000000d5700000,0x00000000d5700000)
  from space 512K, 83% used [0x00000000d5800000,0x00000000d586aee8,0x00000000d5880000)
  to   space 512K, 0% used [0x00000000d5700000,0x00000000d5700000,0x00000000d5780000)
 ParOldGen       total 574464K, used 574379K [0x0000000080000000, 0x00000000a3100000, 0x00000000d5580000)
  object space 574464K, 99% used [0x0000000080000000,0x00000000a30eae28,0x00000000a3100000)
 Metaspace       used 81447K, committed 83072K, reserved 1179648K
  class space    used 8520K, committed 9216K, reserved 1048576K
}
Event: 207.904 GC heap after
{Heap after GC invocations=962 (full 3):
 PSYoungGen      total 2048K, used 300K [0x00000000d5580000, 0x00000000d5880000, 0x0000000100000000)
  eden space 1536K, 0% used [0x00000000d5580000,0x00000000d5580000,0x00000000d5700000)
  from space 512K, 58% used [0x00000000d5700000,0x00000000d574b008,0x00000000d5780000)
  to   space 512K, 0% used [0x00000000d5800000,0x00000000d5800000,0x00000000d5880000)
 ParOldGen       total 574976K, used 574579K [0x0000000080000000, 0x00000000a3180000, 0x00000000d5580000)
  object space 574976K, 99% used [0x0000000080000000,0x00000000a311ce48,0x00000000a3180000)
 Metaspace       used 81447K, committed 83072K, reserved 1179648K
  class space    used 8520K, committed 9216K, reserved 1048576K
}
Event: 208.202 GC heap before
{Heap before GC invocations=963 (full 3):
 PSYoungGen      total 2048K, used 1835K [0x00000000d5580000, 0x00000000d5880000, 0x0000000100000000)
  eden space 1536K, 99% used [0x00000000d5580000,0x00000000d56fff50,0x00000000d5700000)
  from space 512K, 58% used [0x00000000d5700000,0x00000000d574b008,0x00000000d5780000)
  to   space 512K, 0% used [0x00000000d5800000,0x00000000d5800000,0x00000000d5880000)
 ParOldGen       total 574976K, used 574579K [0x0000000080000000, 0x00000000a3180000, 0x00000000d5580000)
  object space 574976K, 99% used [0x0000000080000000,0x00000000a311ce48,0x00000000a3180000)
 Metaspace       used 81465K, committed 83072K, reserved 1179648K
  class space    used 8521K, committed 9216K, reserved 1048576K
}
Event: 208.204 GC heap after
{Heap after GC invocations=963 (full 3):
 PSYoungGen      total 2048K, used 224K [0x00000000d5580000, 0x00000000d5880000, 0x0000000100000000)
  eden space 1536K, 0% used [0x00000000d5580000,0x00000000d5580000,0x00000000d5700000)
  from space 512K, 43% used [0x00000000d5800000,0x00000000d5838000,0x00000000d5880000)
  to   space 512K, 0% used [0x00000000d5700000,0x00000000d5700000,0x00000000d5780000)
 ParOldGen       total 574976K, used 574847K [0x0000000080000000, 0x00000000a3180000, 0x00000000d5580000)
  object space 574976K, 99% used [0x0000000080000000,0x00000000a315fe50,0x00000000a3180000)
 Metaspace       used 81465K, committed 83072K, reserved 1179648K
  class space    used 8521K, committed 9216K, reserved 1048576K
}
Event: 208.266 GC heap before
{Heap before GC invocations=964 (full 3):
 PSYoungGen      total 2048K, used 1760K [0x00000000d5580000, 0x00000000d5880000, 0x0000000100000000)
  eden space 1536K, 100% used [0x00000000d5580000,0x00000000d5700000,0x00000000d5700000)
  from space 512K, 43% used [0x00000000d5800000,0x00000000d5838000,0x00000000d5880000)
  to   space 512K, 0% used [0x00000000d5700000,0x00000000d5700000,0x00000000d5780000)
 ParOldGen       total 574976K, used 574847K [0x0000000080000000, 0x00000000a3180000, 0x00000000d5580000)
  object space 574976K, 99% used [0x0000000080000000,0x00000000a315fe50,0x00000000a3180000)
 Metaspace       used 81469K, committed 83072K, reserved 1179648K
  class space    used 8522K, committed 9216K, reserved 1048576K
}
Event: 208.269 GC heap after
{Heap after GC invocations=964 (full 3):
 PSYoungGen      total 2048K, used 192K [0x00000000d5580000, 0x00000000d5880000, 0x0000000100000000)
  eden space 1536K, 0% used [0x00000000d5580000,0x00000000d5580000,0x00000000d5700000)
  from space 512K, 37% used [0x00000000d5700000,0x00000000d5730000,0x00000000d5780000)
  to   space 512K, 0% used [0x00000000d5800000,0x00000000d5800000,0x00000000d5880000)
 ParOldGen       total 575488K, used 574999K [0x0000000080000000, 0x00000000a3200000, 0x00000000d5580000)
  object space 575488K, 99% used [0x0000000080000000,0x00000000a3185e50,0x00000000a3200000)
 Metaspace       used 81469K, committed 83072K, reserved 1179648K
  class space    used 8522K, committed 9216K, reserved 1048576K
}
Event: 208.362 GC heap before
{Heap before GC invocations=965 (full 3):
 PSYoungGen      total 2048K, used 1727K [0x00000000d5580000, 0x00000000d5880000, 0x0000000100000000)
  eden space 1536K, 99% used [0x00000000d5580000,0x00000000d56fffe8,0x00000000d5700000)
  from space 512K, 37% used [0x00000000d5700000,0x00000000d5730000,0x00000000d5780000)
  to   space 512K, 0% used [0x00000000d5800000,0x00000000d5800000,0x00000000d5880000)
 ParOldGen       total 575488K, used 574999K [0x0000000080000000, 0x00000000a3200000, 0x00000000d5580000)
  object space 575488K, 99% used [0x0000000080000000,0x00000000a3185e50,0x00000000a3200000)
 Metaspace       used 81469K, committed 83072K, reserved 1179648K
  class space    used 8522K, committed 9216K, reserved 1048576K
}
Event: 208.366 GC heap after
{Heap after GC invocations=965 (full 3):
 PSYoungGen      total 2048K, used 500K [0x00000000d5580000, 0x00000000d5900000, 0x0000000100000000)
  eden space 1536K, 0% used [0x00000000d5580000,0x00000000d5580000,0x00000000d5700000)
  from space 512K, 97% used [0x00000000d5800000,0x00000000d587d200,0x00000000d5880000)
  to   space 1024K, 0% used [0x00000000d5700000,0x00000000d5700000,0x00000000d5800000)
 ParOldGen       total 575488K, used 575220K [0x0000000080000000, 0x00000000a3200000, 0x00000000d5580000)
  object space 575488K, 99% used [0x0000000080000000,0x00000000a31bd050,0x00000000a3200000)
 Metaspace       used 81469K, committed 83072K, reserved 1179648K
  class space    used 8522K, committed 9216K, reserved 1048576K
}
Event: 208.521 GC heap before
{Heap before GC invocations=966 (full 3):
 PSYoungGen      total 2048K, used 2036K [0x00000000d5580000, 0x00000000d5900000, 0x0000000100000000)
  eden space 1536K, 100% used [0x00000000d5580000,0x00000000d5700000,0x00000000d5700000)
  from space 512K, 97% used [0x00000000d5800000,0x00000000d587d200,0x00000000d5880000)
  to   space 1024K, 0% used [0x00000000d5700000,0x00000000d5700000,0x00000000d5800000)
 ParOldGen       total 575488K, used 575220K [0x0000000080000000, 0x00000000a3200000, 0x00000000d5580000)
  object space 575488K, 99% used [0x0000000080000000,0x00000000a31bd050,0x00000000a3200000)
 Metaspace       used 81469K, committed 83072K, reserved 1179648K
  class space    used 8522K, committed 9216K, reserved 1048576K
}
Event: 208.526 GC heap after
{Heap after GC invocations=966 (full 3):
 PSYoungGen      total 2560K, used 878K [0x00000000d5580000, 0x00000000d5900000, 0x0000000100000000)
  eden space 1536K, 0% used [0x00000000d5580000,0x00000000d5580000,0x00000000d5700000)
  from space 1024K, 85% used [0x00000000d5700000,0x00000000d57dbb30,0x00000000d5800000)
  to   space 1024K, 0% used [0x00000000d5800000,0x00000000d5800000,0x00000000d5900000)
 ParOldGen       total 575488K, used 575456K [0x0000000080000000, 0x00000000a3200000, 0x00000000d5580000)
  object space 575488K, 99% used [0x0000000080000000,0x00000000a31f8260,0x00000000a3200000)
 Metaspace       used 81469K, committed 83072K, reserved 1179648K
  class space    used 8522K, committed 9216K, reserved 1048576K
}
Event: 208.776 GC heap before
{Heap before GC invocations=967 (full 3):
 PSYoungGen      total 2560K, used 2414K [0x00000000d5580000, 0x00000000d5900000, 0x0000000100000000)
  eden space 1536K, 99% used [0x00000000d5580000,0x00000000d56fffd8,0x00000000d5700000)
  from space 1024K, 85% used [0x00000000d5700000,0x00000000d57dbb30,0x00000000d5800000)
  to   space 1024K, 0% used [0x00000000d5800000,0x00000000d5800000,0x00000000d5900000)
 ParOldGen       total 575488K, used 575456K [0x0000000080000000, 0x00000000a3200000, 0x00000000d5580000)
  object space 575488K, 99% used [0x0000000080000000,0x00000000a31f8260,0x00000000a3200000)
 Metaspace       used 81470K, committed 83072K, reserved 1179648K
  class space    used 8522K, committed 9216K, reserved 1048576K
}
Event: 208.781 GC heap after
{Heap after GC invocations=967 (full 3):
 PSYoungGen      total 2560K, used 596K [0x00000000d5580000, 0x00000000d5900000, 0x0000000100000000)
  eden space 1536K, 0% used [0x00000000d5580000,0x00000000d5580000,0x00000000d5700000)
  from space 1024K, 58% used [0x00000000d5800000,0x00000000d5895260,0x00000000d5900000)
  to   space 1024K, 0% used [0x00000000d5700000,0x00000000d5700000,0x00000000d5800000)
 ParOldGen       total 576000K, used 575931K [0x0000000080000000, 0x00000000a3280000, 0x00000000d5580000)
  object space 576000K, 99% used [0x0000000080000000,0x00000000a326ee20,0x00000000a3280000)
 Metaspace       used 81470K, committed 83072K, reserved 1179648K
  class space    used 8522K, committed 9216K, reserved 1048576K
}

